<?xml version="1.0" encoding="UTF-8"?>
<coverage generated="1777321001888" clover="3.2.0">
  <project timestamp="1777321001888" name="All files">
    <metrics statements="485" coveredstatements="446" conditionals="172" coveredconditionals="162" methods="33" coveredmethods="32" elements="690" coveredelements="640" complexity="0" loc="485" ncloc="485" packages="1" files="10" classes="10"/>
    <file name="api-auth.ts" path="C:\Users\ThomasGarcia\Documents\vibe\porter\src\lib\api-auth.ts">
      <metrics statements="36" coveredstatements="36" conditionals="12" coveredconditionals="12" methods="1" coveredmethods="1"/>
      <line num="2" count="1" type="stmt"/>
      <line num="3" count="1" type="stmt"/>
      <line num="4" count="1" type="stmt"/>
      <line num="5" count="1" type="stmt"/>
      <line num="14" count="12" type="cond" truecount="1" falsecount="0"/>
      <line num="15" count="12" type="stmt"/>
      <line num="16" count="12" type="cond" truecount="2" falsecount="0"/>
      <line num="18" count="12" type="cond" truecount="2" falsecount="0"/>
      <line num="19" count="3" type="stmt"/>
      <line num="20" count="3" type="stmt"/>
      <line num="21" count="3" type="cond" truecount="1" falsecount="0"/>
      <line num="24" count="12" type="cond" truecount="2" falsecount="0"/>
      <line num="25" count="2" type="stmt"/>
      <line num="26" count="2" type="stmt"/>
      <line num="27" count="2" type="stmt"/>
      <line num="28" count="2" type="stmt"/>
      <line num="29" count="2" type="stmt"/>
      <line num="30" count="2" type="stmt"/>
      <line num="31" count="2" type="stmt"/>
      <line num="32" count="2" type="cond" truecount="1" falsecount="0"/>
      <line num="34" count="12" type="cond" truecount="1" falsecount="0"/>
      <line num="35" count="2" type="stmt"/>
      <line num="36" count="2" type="stmt"/>
      <line num="37" count="2" type="stmt"/>
      <line num="38" count="2" type="stmt"/>
      <line num="39" count="2" type="stmt"/>
      <line num="40" count="2" type="stmt"/>
      <line num="41" count="2" type="stmt"/>
      <line num="42" count="2" type="cond" truecount="1" falsecount="0"/>
      <line num="44" count="5" type="stmt"/>
      <line num="45" count="5" type="stmt"/>
      <line num="46" count="12" type="cond" truecount="1" falsecount="0"/>
      <line num="47" count="12" type="stmt"/>
      <line num="48" count="12" type="stmt"/>
      <line num="50" count="12" type="stmt"/>
      <line num="51" count="12" type="stmt"/>
    </file>
    <file name="apiFetch.ts" path="C:\Users\ThomasGarcia\Documents\vibe\porter\src\lib\apiFetch.ts">
      <metrics statements="16" coveredstatements="16" conditionals="9" coveredconditionals="9" methods="2" coveredmethods="2"/>
      <line num="1" count="1" type="stmt"/>
      <line num="2" count="1" type="stmt"/>
      <line num="4" count="9" type="cond" truecount="1" falsecount="0"/>
      <line num="5" count="9" type="stmt"/>
      <line num="6" count="9" type="stmt"/>
      <line num="7" count="9" type="cond" truecount="1" falsecount="0"/>
      <line num="8" count="9" type="cond" truecount="2" falsecount="0"/>
      <line num="9" count="9" type="stmt"/>
      <line num="15" count="1" type="cond" truecount="1" falsecount="0"/>
      <line num="16" count="11" type="cond" truecount="2" falsecount="0"/>
      <line num="17" count="11" type="stmt"/>
      <line num="19" count="11" type="cond" truecount="2" falsecount="0"/>
      <line num="21" count="11" type="stmt"/>
      <line num="22" count="11" type="stmt"/>
      <line num="24" count="11" type="stmt"/>
      <line num="25" count="11" type="stmt"/>
    </file>
    <file name="audit-context.ts" path="C:\Users\ThomasGarcia\Documents\vibe\porter\src\lib\audit-context.ts">
      <metrics statements="8" coveredstatements="8" conditionals="4" coveredconditionals="4" methods="1" coveredmethods="1"/>
      <line num="1" count="1" type="stmt"/>
      <line num="17" count="1" type="stmt"/>
      <line num="20" count="1" type="cond" truecount="1" falsecount="0"/>
      <line num="21" count="6" type="stmt"/>
      <line num="22" count="6" type="cond" truecount="2" falsecount="0"/>
      <line num="23" count="2" type="cond" truecount="1" falsecount="0"/>
      <line num="24" count="1" type="stmt"/>
      <line num="26" count="6" type="stmt"/>
    </file>
    <file name="auth-audit.ts" path="C:\Users\ThomasGarcia\Documents\vibe\porter\src\lib\auth-audit.ts">
      <metrics statements="16" coveredstatements="16" conditionals="5" coveredconditionals="5" methods="1" coveredmethods="1"/>
      <line num="1" count="1" type="stmt"/>
      <line num="15" count="1" type="cond" truecount="1" falsecount="0"/>
      <line num="20" count="11" type="stmt"/>
      <line num="21" count="11" type="stmt"/>
      <line num="22" count="11" type="stmt"/>
      <line num="23" count="11" type="stmt"/>
      <line num="24" count="11" type="stmt"/>
      <line num="25" count="11" type="stmt"/>
      <line num="26" count="11" type="stmt"/>
      <line num="27" count="11" type="cond" truecount="1" falsecount="0"/>
      <line num="28" count="11" type="cond" truecount="1" falsecount="0"/>
      <line num="29" count="11" type="cond" truecount="1" falsecount="0"/>
      <line num="30" count="11" type="stmt"/>
      <line num="31" count="11" type="stmt"/>
      <line num="32" count="11" type="cond" truecount="1" falsecount="0"/>
      <line num="33" count="11" type="stmt"/>
    </file>
    <file name="csrf.ts" path="C:\Users\ThomasGarcia\Documents\vibe\porter\src\lib\csrf.ts">
      <metrics statements="13" coveredstatements="13" conditionals="8" coveredconditionals="8" methods="2" coveredmethods="2"/>
      <line num="3" count="1" type="stmt"/>
      <line num="4" count="1" type="stmt"/>
      <line num="7" count="1" type="cond" truecount="1" falsecount="0"/>
      <line num="8" count="5" type="stmt"/>
      <line num="9" count="5" type="stmt"/>
      <line num="10" count="5" type="cond" truecount="1" falsecount="0"/>
      <line num="11" count="5" type="stmt"/>
      <line num="18" count="1" type="cond" truecount="1" falsecount="0"/>
      <line num="19" count="9" type="cond" truecount="1" falsecount="0"/>
      <line num="20" count="9" type="stmt"/>
      <line num="21" count="9" type="cond" truecount="3" falsecount="0"/>
      <line num="23" count="9" type="cond" truecount="1" falsecount="0"/>
      <line num="24" count="9" type="stmt"/>
    </file>
    <file name="schema-view.ts" path="C:\Users\ThomasGarcia\Documents\vibe\porter\src\lib\schema-view.ts">
      <metrics statements="83" coveredstatements="83" conditionals="18" coveredconditionals="18" methods="8" coveredmethods="8"/>
      <line num="22" count="40" type="cond" truecount="1" falsecount="0"/>
      <line num="23" count="40" type="stmt"/>
      <line num="24" count="40" type="stmt"/>
      <line num="25" count="40" type="stmt"/>
      <line num="26" count="40" type="stmt"/>
      <line num="27" count="40" type="stmt"/>
      <line num="28" count="40" type="stmt"/>
      <line num="31" count="1" type="cond" truecount="1" falsecount="0"/>
      <line num="32" count="20" type="stmt"/>
      <line num="33" count="20" type="stmt"/>
      <line num="36" count="2" type="cond" truecount="1" falsecount="0"/>
      <line num="37" count="2" type="stmt"/>
      <line num="38" count="2" type="stmt"/>
      <line num="44" count="10" type="cond" truecount="1" falsecount="0"/>
      <line num="45" count="10" type="stmt"/>
      <line num="46" count="10" type="stmt"/>
      <line num="48" count="10" type="stmt"/>
      <line num="49" count="10" type="cond" truecount="1" falsecount="0"/>
      <line num="50" count="1" type="stmt"/>
      <line num="51" count="10" type="cond" truecount="1" falsecount="0"/>
      <line num="52" count="1" type="stmt"/>
      <line num="53" count="10" type="cond" truecount="1" falsecount="0"/>
      <line num="54" count="1" type="stmt"/>
      <line num="55" count="1" type="stmt"/>
      <line num="56" count="1" type="stmt"/>
      <line num="57" count="1" type="stmt"/>
      <line num="60" count="10" type="cond" truecount="1" falsecount="0"/>
      <line num="61" count="1" type="stmt"/>
      <line num="62" count="10" type="cond" truecount="1" falsecount="0"/>
      <line num="63" count="6" type="stmt"/>
      <line num="64" count="10" type="stmt"/>
      <line num="65" count="10" type="stmt"/>
      <line num="73" count="10" type="cond" truecount="1" falsecount="0"/>
      <line num="74" count="10" type="stmt"/>
      <line num="75" count="10" type="stmt"/>
      <line num="76" count="10" type="stmt"/>
      <line num="77" count="10" type="stmt"/>
      <line num="78" count="10" type="stmt"/>
      <line num="79" count="10" type="stmt"/>
      <line num="80" count="10" type="stmt"/>
      <line num="82" count="10" type="stmt"/>
      <line num="83" count="10" type="cond" truecount="1" falsecount="0"/>
      <line num="84" count="10" type="stmt"/>
      <line num="85" count="10" type="stmt"/>
      <line num="86" count="10" type="stmt"/>
      <line num="87" count="10" type="stmt"/>
      <line num="88" count="10" type="stmt"/>
      <line num="91" count="10" type="stmt"/>
      <line num="92" count="10" type="stmt"/>
      <line num="96" count="10" type="stmt"/>
      <line num="101" count="10" type="stmt"/>
      <line num="103" count="10" type="stmt"/>
      <line num="105" count="10" type="stmt"/>
      <line num="107" count="10" type="stmt"/>
      <line num="108" count="10" type="stmt"/>
      <line num="114" count="3" type="cond" truecount="1" falsecount="0"/>
      <line num="115" count="3" type="stmt"/>
      <line num="116" count="3" type="stmt"/>
      <line num="117" count="3" type="stmt"/>
      <line num="118" count="3" type="stmt"/>
      <line num="119" count="3" type="stmt"/>
      <line num="120" count="3" type="stmt"/>
      <line num="121" count="3" type="cond" truecount="2" falsecount="0"/>
      <line num="122" count="2" type="stmt"/>
      <line num="123" count="2" type="stmt"/>
      <line num="124" count="2" type="cond" truecount="1" falsecount="0"/>
      <line num="125" count="2" type="stmt"/>
      <line num="126" count="2" type="stmt"/>
      <line num="131" count="3" type="cond" truecount="1" falsecount="0"/>
      <line num="132" count="3" type="stmt"/>
      <line num="133" count="3" type="stmt"/>
      <line num="134" count="3" type="stmt"/>
      <line num="135" count="3" type="stmt"/>
      <line num="136" count="3" type="stmt"/>
      <line num="137" count="3" type="stmt"/>
      <line num="138" count="3" type="stmt"/>
      <line num="143" count="1" type="cond" truecount="1" falsecount="0"/>
      <line num="144" count="1" type="stmt"/>
      <line num="145" count="1" type="stmt"/>
      <line num="146" count="1" type="stmt"/>
      <line num="147" count="1" type="stmt"/>
      <line num="148" count="1" type="cond" truecount="1" falsecount="0"/>
      <line num="149" count="1" type="stmt"/>
    </file>
    <file name="secrets.ts" path="C:\Users\ThomasGarcia\Documents\vibe\porter\src\lib\secrets.ts">
      <metrics statements="31" coveredstatements="31" conditionals="10" coveredconditionals="10" methods="2" coveredmethods="2"/>
      <line num="15" count="1" type="stmt"/>
      <line num="16" count="1" type="stmt"/>
      <line num="17" count="1" type="stmt"/>
      <line num="18" count="1" type="stmt"/>
      <line num="19" count="1" type="stmt"/>
      <line num="20" count="1" type="stmt"/>
      <line num="21" count="1" type="stmt"/>
      <line num="23" count="8" type="cond" truecount="1" falsecount="0"/>
      <line num="24" count="8" type="stmt"/>
      <line num="25" count="8" type="cond" truecount="1" falsecount="0"/>
      <line num="26" count="2" type="stmt"/>
      <line num="27" count="2" type="stmt"/>
      <line num="28" count="2" type="cond" truecount="1" falsecount="0"/>
      <line num="30" count="6" type="stmt"/>
      <line num="31" count="6" type="stmt"/>
      <line num="33" count="6" type="stmt"/>
      <line num="35" count="6" type="cond" truecount="1" falsecount="0"/>
      <line num="36" count="30" type="cond" truecount="2" falsecount="0"/>
      <line num="37" count="29" type="stmt"/>
      <line num="38" count="29" type="cond" truecount="1" falsecount="0"/>
      <line num="39" count="30" type="cond" truecount="1" falsecount="0"/>
      <line num="40" count="30" type="cond" truecount="1" falsecount="0"/>
      <line num="41" count="5" type="stmt"/>
      <line num="42" count="5" type="stmt"/>
      <line num="43" count="5" type="stmt"/>
      <line num="45" count="5" type="stmt"/>
      <line num="46" count="30" type="stmt"/>
      <line num="48" count="6" type="stmt"/>
      <line num="49" count="6" type="cond" truecount="1" falsecount="0"/>
      <line num="50" count="6" type="stmt"/>
      <line num="51" count="6" type="stmt"/>
    </file>
    <file name="service-bus.ts" path="C:\Users\ThomasGarcia\Documents\vibe\porter\src\lib\service-bus.ts">
      <metrics statements="23" coveredstatements="23" conditionals="10" coveredconditionals="10" methods="2" coveredmethods="2"/>
      <line num="1" count="1" type="stmt"/>
      <line num="2" count="1" type="stmt"/>
      <line num="15" count="1" type="cond" truecount="1" falsecount="0"/>
      <line num="16" count="2" type="stmt"/>
      <line num="17" count="2" type="stmt"/>
      <line num="24" count="9" type="cond" truecount="1" falsecount="0"/>
      <line num="25" count="9" type="stmt"/>
      <line num="26" count="9" type="stmt"/>
      <line num="27" count="9" type="cond" truecount="1" falsecount="0"/>
      <line num="29" count="9" type="cond" truecount="2" falsecount="0"/>
      <line num="30" count="1" type="stmt"/>
      <line num="31" count="1" type="cond" truecount="1" falsecount="0"/>
      <line num="33" count="8" type="cond" truecount="1" falsecount="0"/>
      <line num="34" count="6" type="cond" truecount="1" falsecount="0"/>
      <line num="35" count="2" type="stmt"/>
      <line num="37" count="9" type="stmt"/>
      <line num="38" count="9" type="stmt"/>
      <line num="39" count="9" type="cond" truecount="1" falsecount="0"/>
      <line num="40" count="9" type="cond" truecount="1" falsecount="0"/>
      <line num="41" count="8" type="stmt"/>
      <line num="42" count="8" type="stmt"/>
      <line num="43" count="8" type="stmt"/>
      <line num="44" count="9" type="stmt"/>
    </file>
    <file name="session-binding.ts" path="C:\Users\ThomasGarcia\Documents\vibe\porter\src\lib\session-binding.ts">
      <metrics statements="14" coveredstatements="14" conditionals="6" coveredconditionals="6" methods="2" coveredmethods="2"/>
      <line num="1" count="1" type="stmt"/>
      <line num="2" count="1" type="stmt"/>
      <line num="13" count="1" type="stmt"/>
      <line num="16" count="1" type="cond" truecount="1" falsecount="0"/>
      <line num="17" count="14" type="cond" truecount="2" falsecount="0"/>
      <line num="18" count="10" type="stmt"/>
      <line num="19" count="10" type="stmt"/>
      <line num="32" count="1" type="cond" truecount="1" falsecount="0"/>
      <line num="33" count="5" type="stmt"/>
      <line num="34" count="5" type="stmt"/>
      <line num="35" count="5" type="stmt"/>
      <line num="36" count="5" type="cond" truecount="2" falsecount="0"/>
      <line num="37" count="3" type="stmt"/>
      <line num="38" count="3" type="stmt"/>
    </file>
    <file name="validate.ts" path="C:\Users\ThomasGarcia\Documents\vibe\porter\src\lib\validate.ts">
      <metrics statements="245" coveredstatements="206" conditionals="90" coveredconditionals="80" methods="12" coveredmethods="11"/>
      <line num="1" count="1" type="stmt"/>
      <line num="2" count="1" type="stmt"/>
      <line num="3" count="1" type="stmt"/>
      <line num="29" count="1" type="stmt"/>
      <line num="36" count="1" type="stmt"/>
      <line num="42" count="163" type="cond" truecount="1" falsecount="0"/>
      <line num="43" count="163" type="stmt"/>
      <line num="45" count="163" type="stmt"/>
      <line num="46" count="163" type="cond" truecount="1" falsecount="0"/>
      <line num="47" count="14" type="stmt"/>
      <line num="49" count="163" type="cond" truecount="1" falsecount="0"/>
      <line num="50" count="117" type="cond" truecount="2" falsecount="0"/>
      <line num="51" count="8" type="stmt"/>
      <line num="53" count="163" type="cond" truecount="1" falsecount="0"/>
      <line num="54" count="6" type="stmt"/>
      <line num="55" count="6" type="cond" truecount="2" falsecount="0"/>
      <line num="56" count="4" type="stmt"/>
      <line num="58" count="163" type="cond" truecount="1" falsecount="0"/>
      <line num="59" count="14" type="stmt"/>
      <line num="60" count="14" type="stmt"/>
      <line num="61" count="14" type="cond" truecount="2" falsecount="0"/>
      <line num="62" count="9" type="stmt"/>
      <line num="63" count="9" type="stmt"/>
      <line num="65" count="163" type="cond" truecount="1" falsecount="0"/>
      <line num="66" count="5" type="cond" truecount="2" falsecount="0"/>
      <line num="67" count="4" type="stmt"/>
      <line num="69" count="163" type="cond" truecount="1" falsecount="0"/>
      <line num="70" count="6" type="stmt"/>
      <line num="71" count="6" type="cond" truecount="2" falsecount="0"/>
      <line num="72" count="2" type="stmt"/>
      <line num="74" count="163" type="cond" truecount="1" falsecount="0"/>
      <line num="75" count="1" type="stmt"/>
      <line num="76" count="163" type="stmt"/>
      <line num="77" count="163" type="stmt"/>
      <line num="83" count="168" type="cond" truecount="1" falsecount="0"/>
      <line num="84" count="168" type="stmt"/>
      <line num="85" count="168" type="stmt"/>
      <line num="86" count="168" type="stmt"/>
      <line num="87" count="168" type="stmt"/>
      <line num="88" count="168" type="stmt"/>
      <line num="89" count="168" type="stmt"/>
      <line num="90" count="168" type="cond" truecount="2" falsecount="0"/>
      <line num="92" count="168" type="stmt"/>
      <line num="93" count="168" type="cond" truecount="0" falsecount="1"/>
      <line num="95" count="168" type="stmt"/>
      <line num="96" count="168" type="cond" truecount="2" falsecount="0"/>
      <line num="97" count="168" type="cond" truecount="2" falsecount="0"/>
      <line num="99" count="165" type="stmt"/>
      <line num="101" count="168" type="cond" truecount="2" falsecount="0"/>
      <line num="102" count="1" type="stmt"/>
      <line num="103" count="1" type="stmt"/>
      <line num="104" count="1" type="cond" truecount="1" falsecount="0"/>
      <line num="105" count="164" type="cond" truecount="2" falsecount="0"/>
      <line num="107" count="163" type="stmt"/>
      <line num="108" count="168" type="cond" truecount="1" falsecount="0"/>
      <line num="109" count="121" type="stmt"/>
      <line num="110" count="121" type="stmt"/>
      <line num="111" count="121" type="cond" truecount="1" falsecount="0"/>
      <line num="113" count="168" type="cond" truecount="2" falsecount="0"/>
      <line num="114" count="4" type="stmt"/>
      <line num="115" count="4" type="cond" truecount="1" falsecount="0"/>
      <line num="116" count="3" type="cond" truecount="1" falsecount="0"/>
      <line num="117" count="1" type="cond" truecount="1" falsecount="0"/>
      <line num="118" count="4" type="cond" truecount="1" falsecount="0"/>
      <line num="119" count="2" type="stmt"/>
      <line num="120" count="2" type="cond" truecount="2" falsecount="0"/>
      <line num="121" count="2" type="stmt"/>
      <line num="122" count="2" type="stmt"/>
      <line num="123" count="2" type="stmt"/>
      <line num="124" count="2" type="stmt"/>
      <line num="125" count="2" type="stmt"/>
      <line num="126" count="2" type="stmt"/>
      <line num="127" count="2" type="stmt"/>
      <line num="128" count="4" type="stmt"/>
      <line num="129" count="168" type="cond" truecount="1" falsecount="0"/>
      <line num="131" count="163" type="stmt"/>
      <line num="132" count="163" type="stmt"/>
      <line num="135" count="39" type="cond" truecount="1" falsecount="0"/>
      <line num="136" count="39" type="stmt"/>
      <line num="137" count="39" type="stmt"/>
      <line num="138" count="39" type="stmt"/>
      <line num="139" count="39" type="stmt"/>
      <line num="140" count="39" type="stmt"/>
      <line num="141" count="39" type="cond" truecount="1" falsecount="0"/>
      <line num="142" count="43" type="cond" truecount="2" falsecount="0"/>
      <line num="143" count="4" type="stmt"/>
      <line num="144" count="4" type="cond" truecount="1" falsecount="1"/>
      <line num="145" count="43" type="cond" truecount="0" falsecount="1"/>
      <line num="146" count="43" type="cond" truecount="1" falsecount="1"/>
      <line num="147" count="4" type="stmt"/>
      <line num="148" count="4" type="stmt"/>
      <line num="149" count="43" type="stmt"/>
      <line num="150" count="39" type="stmt"/>
      <line num="151" count="39" type="stmt"/>
      <line num="157" count="59" type="cond" truecount="1" falsecount="0"/>
      <line num="158" count="59" type="stmt"/>
      <line num="159" count="59" type="stmt"/>
      <line num="160" count="59" type="stmt"/>
      <line num="161" count="59" type="stmt"/>
      <line num="162" count="59" type="stmt"/>
      <line num="163" count="59" type="cond" truecount="1" falsecount="0"/>
      <line num="164" count="59" type="stmt"/>
      <line num="165" count="59" type="stmt"/>
      <line num="166" count="59" type="stmt"/>
      <line num="167" count="59" type="stmt"/>
      <line num="169" count="59" type="stmt"/>
      <line num="171" count="59" type="stmt"/>
      <line num="172" count="59" type="stmt"/>
      <line num="173" count="59" type="stmt"/>
      <line num="174" count="59" type="cond" truecount="1" falsecount="0"/>
      <line num="175" count="59" type="cond" truecount="1" falsecount="0"/>
      <line num="176" count="59" type="stmt"/>
      <line num="178" count="59" type="cond" truecount="1" falsecount="0"/>
      <line num="179" count="164" type="stmt"/>
      <line num="182" count="164" type="cond" truecount="1" falsecount="0"/>
      <line num="183" count="58" type="cond" truecount="1" falsecount="0"/>
      <line num="184" count="62" type="stmt"/>
      <line num="185" count="62" type="stmt"/>
      <line num="187" count="58" type="cond" truecount="1" falsecount="0"/>
      <line num="188" count="61" type="cond" truecount="2" falsecount="0"/>
      <line num="189" count="1" type="stmt"/>
      <line num="190" count="1" type="stmt"/>
      <line num="191" count="61" type="stmt"/>
      <line num="192" count="58" type="stmt"/>
      <line num="193" count="58" type="stmt"/>
      <line num="195" count="164" type="stmt"/>
      <line num="196" count="164" type="stmt"/>
      <line num="198" count="164" type="stmt"/>
      <line num="202" count="164" type="cond" truecount="2" falsecount="0"/>
      <line num="203" count="36" type="stmt"/>
      <line num="204" count="36" type="stmt"/>
      <line num="205" count="164" type="stmt"/>
      <line num="207" count="59" type="cond" truecount="1" falsecount="0"/>
      <line num="208" count="59" type="stmt"/>
      <line num="209" count="59" type="cond" truecount="2" falsecount="0"/>
      <line num="210" count="59" type="stmt"/>
      <line num="212" count="59" type="stmt"/>
      <line num="213" count="0" type="stmt"/>
      <line num="214" count="0" type="stmt"/>
      <line num="215" count="0" type="stmt"/>
      <line num="216" count="0" type="stmt"/>
      <line num="217" count="0" type="stmt"/>
      <line num="218" count="0" type="stmt"/>
      <line num="219" count="0" type="stmt"/>
      <line num="220" count="59" type="stmt"/>
      <line num="221" count="59" type="stmt"/>
      <line num="222" count="59" type="stmt"/>
      <line num="228" count="5" type="cond" truecount="1" falsecount="0"/>
      <line num="229" count="5" type="stmt"/>
      <line num="230" count="5" type="stmt"/>
      <line num="231" count="5" type="cond" truecount="0" falsecount="2"/>
      <line num="232" count="0" type="stmt"/>
      <line num="233" count="5" type="stmt"/>
      <line num="234" count="5" type="stmt"/>
      <line num="235" count="5" type="stmt"/>
      <line num="236" count="5" type="stmt"/>
      <line num="237" count="5" type="stmt"/>
      <line num="238" count="5" type="stmt"/>
      <line num="239" count="5" type="cond" truecount="1" falsecount="0"/>
      <line num="240" count="4" type="stmt"/>
      <line num="241" count="4" type="cond" truecount="1" falsecount="0"/>
      <line num="242" count="4" type="stmt"/>
      <line num="243" count="5" type="stmt"/>
      <line num="244" count="5" type="stmt"/>
      <line num="246" count="5" type="cond" truecount="1" falsecount="0"/>
      <line num="247" count="5" type="stmt"/>
      <line num="248" count="5" type="stmt"/>
      <line num="249" count="5" type="stmt"/>
      <line num="250" count="5" type="stmt"/>
      <line num="251" count="5" type="stmt"/>
      <line num="252" count="5" type="stmt"/>
      <line num="253" count="5" type="stmt"/>
      <line num="254" count="5" type="cond" truecount="0" falsecount="1"/>
      <line num="255" count="0" type="stmt"/>
      <line num="256" count="0" type="stmt"/>
      <line num="257" count="0" type="stmt"/>
      <line num="258" count="0" type="stmt"/>
      <line num="259" count="0" type="stmt"/>
      <line num="260" count="0" type="stmt"/>
      <line num="261" count="0" type="stmt"/>
      <line num="262" count="0" type="stmt"/>
      <line num="263" count="0" type="stmt"/>
      <line num="265" count="5" type="cond" truecount="1" falsecount="0"/>
      <line num="266" count="1" type="stmt"/>
      <line num="267" count="1" type="cond" truecount="1" falsecount="0"/>
      <line num="269" count="5" type="cond" truecount="0" falsecount="1"/>
      <line num="270" count="0" type="stmt"/>
      <line num="271" count="0" type="stmt"/>
      <line num="272" count="0" type="stmt"/>
      <line num="273" count="0" type="stmt"/>
      <line num="274" count="0" type="stmt"/>
      <line num="275" count="0" type="stmt"/>
      <line num="276" count="0" type="stmt"/>
      <line num="277" count="0" type="stmt"/>
      <line num="278" count="0" type="stmt"/>
      <line num="279" count="0" type="stmt"/>
      <line num="280" count="0" type="stmt"/>
      <line num="281" count="0" type="stmt"/>
      <line num="282" count="0" type="stmt"/>
      <line num="283" count="0" type="cond" truecount="1" falsecount="0"/>
      <line num="285" count="4" type="stmt"/>
      <line num="286" count="5" type="cond" truecount="1" falsecount="0"/>
      <line num="288" count="4" type="stmt"/>
      <line num="289" count="4" type="cond" truecount="1" falsecount="0"/>
      <line num="290" count="4" type="cond" truecount="1" falsecount="0"/>
      <line num="292" count="4" type="stmt"/>
      <line num="294" count="4" type="stmt"/>
      <line num="295" count="4" type="stmt"/>
      <line num="296" count="4" type="cond" truecount="0" falsecount="1"/>
      <line num="297" count="4" type="stmt"/>
      <line num="299" count="4" type="stmt"/>
      <line num="300" count="4" type="cond" truecount="1" falsecount="0"/>
      <line num="301" count="3" type="cond" truecount="2" falsecount="0"/>
      <line num="302" count="1" type="stmt"/>
      <line num="304" count="5" type="stmt"/>
      <line num="305" count="5" type="stmt"/>
      <line num="311" count="64" type="cond" truecount="1" falsecount="0"/>
      <line num="312" count="64" type="stmt"/>
      <line num="313" count="64" type="stmt"/>
      <line num="314" count="64" type="stmt"/>
      <line num="315" count="64" type="stmt"/>
      <line num="316" count="64" type="stmt"/>
      <line num="317" count="64" type="stmt"/>
      <line num="318" count="64" type="cond" truecount="1" falsecount="0"/>
      <line num="319" count="60" type="cond" truecount="1" falsecount="0"/>
      <line num="320" count="60" type="stmt"/>
      <line num="322" count="64" type="cond" truecount="1" falsecount="0"/>
      <line num="323" count="5" type="stmt"/>
      <line num="324" count="5" type="stmt"/>
      <line num="325" count="5" type="cond" truecount="1" falsecount="0"/>
      <line num="328" count="59" type="stmt"/>
      <line num="329" count="59" type="stmt"/>
      <line num="330" count="59" type="stmt"/>
      <line num="331" count="59" type="stmt"/>
      <line num="332" count="59" type="stmt"/>
      <line num="333" count="64" type="cond" truecount="0" falsecount="1"/>
      <line num="334" count="0" type="stmt"/>
      <line num="335" count="0" type="stmt"/>
      <line num="336" count="0" type="stmt"/>
      <line num="337" count="0" type="stmt"/>
      <line num="338" count="0" type="stmt"/>
      <line num="339" count="0" type="stmt"/>
      <line num="340" count="0" type="stmt"/>
      <line num="341" count="0" type="stmt"/>
      <line num="342" count="64" type="stmt"/>
    </file>
  </project>
</coverage>
