{"C:\\Users\\ThomasGarcia\\Documents\\vibe\\porter\\src\\lib\\api-auth.ts": {"path":"C:\\Users\\ThomasGarcia\\Documents\\vibe\\porter\\src\\lib\\api-auth.ts","all":false,"statementMap":{"1":{"start":{"line":2,"column":0},"end":{"line":2,"column":30}},"2":{"start":{"line":3,"column":0},"end":{"line":3,"column":55}},"3":{"start":{"line":4,"column":0},"end":{"line":4,"column":44}},"4":{"start":{"line":5,"column":0},"end":{"line":5,"column":57}},"13":{"start":{"line":14,"column":0},"end":{"line":14,"column":55}},"14":{"start":{"line":15,"column":0},"end":{"line":15,"column":31}},"15":{"start":{"line":16,"column":0},"end":{"line":16,"column":45}},"17":{"start":{"line":18,"column":0},"end":{"line":18,"column":23}},"18":{"start":{"line":19,"column":0},"end":{"line":19,"column":69}},"19":{"start":{"line":20,"column":0},"end":{"line":20,"column":16}},"20":{"start":{"line":21,"column":0},"end":{"line":21,"column":3}},"23":{"start":{"line":24,"column":0},"end":{"line":24,"column":63}},"24":{"start":{"line":25,"column":0},"end":{"line":25,"column":18}},"25":{"start":{"line":26,"column":0},"end":{"line":26,"column":37}},"26":{"start":{"line":27,"column":0},"end":{"line":27,"column":30}},"27":{"start":{"line":28,"column":0},"end":{"line":28,"column":36}},"28":{"start":{"line":29,"column":0},"end":{"line":29,"column":20}},"29":{"start":{"line":30,"column":0},"end":{"line":30,"column":7}},"30":{"start":{"line":31,"column":0},"end":{"line":31,"column":16}},"31":{"start":{"line":32,"column":0},"end":{"line":32,"column":3}},"33":{"start":{"line":34,"column":0},"end":{"line":34,"column":38}},"34":{"start":{"line":35,"column":0},"end":{"line":35,"column":18}},"35":{"start":{"line":36,"column":0},"end":{"line":36,"column":38}},"36":{"start":{"line":37,"column":0},"end":{"line":37,"column":30}},"37":{"start":{"line":38,"column":0},"end":{"line":38,"column":36}},"38":{"start":{"line":39,"column":0},"end":{"line":39,"column":20}},"39":{"start":{"line":40,"column":0},"end":{"line":40,"column":7}},"40":{"start":{"line":41,"column":0},"end":{"line":41,"column":16}},"41":{"start":{"line":42,"column":0},"end":{"line":42,"column":3}},"43":{"start":{"line":44,"column":0},"end":{"line":44,"column":24}},"44":{"start":{"line":45,"column":0},"end":{"line":45,"column":28}},"45":{"start":{"line":46,"column":0},"end":{"line":46,"column":47}},"46":{"start":{"line":47,"column":0},"end":{"line":47,"column":7}},"47":{"start":{"line":48,"column":0},"end":{"line":48,"column":5}},"49":{"start":{"line":50,"column":0},"end":{"line":50,"column":17}},"50":{"start":{"line":51,"column":0},"end":{"line":51,"column":1}}},"s":{"1":1,"2":1,"3":1,"4":1,"13":12,"14":12,"15":12,"17":12,"18":3,"19":3,"20":3,"23":12,"24":2,"25":2,"26":2,"27":2,"28":2,"29":2,"30":2,"31":2,"33":12,"34":2,"35":2,"36":2,"37":2,"38":2,"39":2,"40":2,"41":2,"43":5,"44":5,"45":12,"46":12,"47":12,"49":12,"50":12},"branchMap":{"0":{"type":"branch","line":14,"loc":{"start":{"line":14,"column":0},"end":{"line":51,"column":1}},"locations":[{"start":{"line":14,"column":0},"end":{"line":51,"column":1}}]},"1":{"type":"branch","line":16,"loc":{"start":{"line":16,"column":13},"end":{"line":16,"column":35}},"locations":[{"start":{"line":16,"column":13},"end":{"line":16,"column":35}}]},"2":{"type":"branch","line":16,"loc":{"start":{"line":16,"column":31},"end":{"line":16,"column":45}},"locations":[{"start":{"line":16,"column":31},"end":{"line":16,"column":45}}]},"3":{"type":"branch","line":18,"loc":{"start":{"line":18,"column":7},"end":{"line":18,"column":22}},"locations":[{"start":{"line":18,"column":7},"end":{"line":18,"column":22}}]},"4":{"type":"branch","line":18,"loc":{"start":{"line":18,"column":22},"end":{"line":21,"column":3}},"locations":[{"start":{"line":18,"column":22},"end":{"line":21,"column":3}}]},"5":{"type":"branch","line":21,"loc":{"start":{"line":21,"column":2},"end":{"line":24,"column":13}},"locations":[{"start":{"line":21,"column":2},"end":{"line":24,"column":13}}]},"6":{"type":"branch","line":24,"loc":{"start":{"line":24,"column":6},"end":{"line":24,"column":62}},"locations":[{"start":{"line":24,"column":6},"end":{"line":24,"column":62}}]},"7":{"type":"branch","line":24,"loc":{"start":{"line":24,"column":62},"end":{"line":32,"column":3}},"locations":[{"start":{"line":24,"column":62},"end":{"line":32,"column":3}}]},"8":{"type":"branch","line":32,"loc":{"start":{"line":32,"column":2},"end":{"line":34,"column":37}},"locations":[{"start":{"line":32,"column":2},"end":{"line":34,"column":37}}]},"9":{"type":"branch","line":34,"loc":{"start":{"line":34,"column":37},"end":{"line":42,"column":3}},"locations":[{"start":{"line":34,"column":37},"end":{"line":42,"column":3}}]},"10":{"type":"branch","line":42,"loc":{"start":{"line":42,"column":2},"end":{"line":46,"column":37}},"locations":[{"start":{"line":42,"column":2},"end":{"line":46,"column":37}}]},"11":{"type":"branch","line":46,"loc":{"start":{"line":46,"column":28},"end":{"line":46,"column":47}},"locations":[{"start":{"line":46,"column":28},"end":{"line":46,"column":47}}]}},"b":{"0":[12],"1":[11],"2":[1],"3":[10],"4":[3],"5":[9],"6":[8],"7":[2],"8":[7],"9":[2],"10":[5],"11":[1]},"fnMap":{"0":{"name":"requireAdmin","decl":{"start":{"line":14,"column":0},"end":{"line":51,"column":1}},"loc":{"start":{"line":14,"column":0},"end":{"line":51,"column":1}},"line":14}},"f":{"0":12}}
,"C:\\Users\\ThomasGarcia\\Documents\\vibe\\porter\\src\\lib\\apiFetch.ts": {"path":"C:\\Users\\ThomasGarcia\\Documents\\vibe\\porter\\src\\lib\\apiFetch.ts","all":false,"statementMap":{"0":{"start":{"line":1,"column":0},"end":{"line":1,"column":33}},"1":{"start":{"line":2,"column":0},"end":{"line":2,"column":35}},"3":{"start":{"line":4,"column":0},"end":{"line":4,"column":33}},"4":{"start":{"line":5,"column":0},"end":{"line":5,"column":31}},"5":{"start":{"line":6,"column":0},"end":{"line":6,"column":16}},"6":{"start":{"line":7,"column":0},"end":{"line":7,"column":54}},"7":{"start":{"line":8,"column":0},"end":{"line":8,"column":42}},"8":{"start":{"line":9,"column":0},"end":{"line":9,"column":1}},"14":{"start":{"line":15,"column":0},"end":{"line":15,"column":91}},"15":{"start":{"line":16,"column":0},"end":{"line":16,"column":55}},"16":{"start":{"line":17,"column":0},"end":{"line":17,"column":71}},"18":{"start":{"line":19,"column":0},"end":{"line":19,"column":43}},"20":{"start":{"line":21,"column":0},"end":{"line":21,"column":45}},"21":{"start":{"line":22,"column":0},"end":{"line":22,"column":43}},"23":{"start":{"line":24,"column":0},"end":{"line":24,"column":44}},"24":{"start":{"line":25,"column":0},"end":{"line":25,"column":1}}},"s":{"0":1,"1":1,"3":9,"4":9,"5":9,"6":9,"7":9,"8":9,"14":1,"15":11,"16":11,"18":11,"20":11,"21":11,"23":11,"24":11},"branchMap":{"0":{"type":"branch","line":4,"loc":{"start":{"line":4,"column":0},"end":{"line":9,"column":1}},"locations":[{"start":{"line":4,"column":0},"end":{"line":9,"column":1}}]},"1":{"type":"branch","line":8,"loc":{"start":{"line":8,"column":9},"end":{"line":8,"column":39}},"locations":[{"start":{"line":8,"column":9},"end":{"line":8,"column":39}}]},"2":{"type":"branch","line":8,"loc":{"start":{"line":8,"column":35},"end":{"line":8,"column":42}},"locations":[{"start":{"line":8,"column":35},"end":{"line":8,"column":42}}]},"3":{"type":"branch","line":7,"loc":{"start":{"line":7,"column":10},"end":{"line":7,"column":52}},"locations":[{"start":{"line":7,"column":10},"end":{"line":7,"column":52}}]},"4":{"type":"branch","line":15,"loc":{"start":{"line":15,"column":7},"end":{"line":25,"column":1}},"locations":[{"start":{"line":15,"column":7},"end":{"line":25,"column":1}}]},"5":{"type":"branch","line":16,"loc":{"start":{"line":16,"column":18},"end":{"line":16,"column":34}},"locations":[{"start":{"line":16,"column":18},"end":{"line":16,"column":34}}]},"6":{"type":"branch","line":16,"loc":{"start":{"line":16,"column":24},"end":{"line":16,"column":41}},"locations":[{"start":{"line":16,"column":24},"end":{"line":16,"column":41}}]},"7":{"type":"branch","line":19,"loc":{"start":{"line":19,"column":17},"end":{"line":19,"column":43}},"locations":[{"start":{"line":19,"column":17},"end":{"line":19,"column":43}}]},"8":{"type":"branch","line":19,"loc":{"start":{"line":19,"column":41},"end":{"line":21,"column":43}},"locations":[{"start":{"line":19,"column":41},"end":{"line":21,"column":43}}]}},"b":{"0":[9],"1":[7],"2":[2],"3":[10],"4":[11],"5":[10],"6":[1],"7":[2],"8":[9]},"fnMap":{"0":{"name":"getCsrfToken","decl":{"start":{"line":4,"column":0},"end":{"line":9,"column":1}},"loc":{"start":{"line":4,"column":0},"end":{"line":9,"column":1}},"line":4},"1":{"name":"apiFetch","decl":{"start":{"line":15,"column":7},"end":{"line":25,"column":1}},"loc":{"start":{"line":15,"column":7},"end":{"line":25,"column":1}},"line":15}},"f":{"0":9,"1":11}}
,"C:\\Users\\ThomasGarcia\\Documents\\vibe\\porter\\src\\lib\\audit-context.ts": {"path":"C:\\Users\\ThomasGarcia\\Documents\\vibe\\porter\\src\\lib\\audit-context.ts","all":false,"statementMap":{"0":{"start":{"line":1,"column":0},"end":{"line":1,"column":53}},"16":{"start":{"line":17,"column":0},"end":{"line":17,"column":60}},"19":{"start":{"line":20,"column":0},"end":{"line":20,"column":60}},"20":{"start":{"line":21,"column":0},"end":{"line":21,"column":10}},"21":{"start":{"line":22,"column":0},"end":{"line":22,"column":63}},"22":{"start":{"line":23,"column":0},"end":{"line":23,"column":35}},"23":{"start":{"line":24,"column":0},"end":{"line":24,"column":13}},"25":{"start":{"line":26,"column":0},"end":{"line":26,"column":1}}},"s":{"0":1,"16":1,"19":1,"20":6,"21":6,"22":2,"23":1,"25":6},"branchMap":{"0":{"type":"branch","line":20,"loc":{"start":{"line":20,"column":7},"end":{"line":26,"column":1}},"locations":[{"start":{"line":20,"column":7},"end":{"line":26,"column":1}}]},"1":{"type":"branch","line":22,"loc":{"start":{"line":22,"column":37},"end":{"line":22,"column":46}},"locations":[{"start":{"line":22,"column":37},"end":{"line":22,"column":46}}]},"2":{"type":"branch","line":22,"loc":{"start":{"line":22,"column":59},"end":{"line":23,"column":35}},"locations":[{"start":{"line":22,"column":59},"end":{"line":23,"column":35}}]},"3":{"type":"branch","line":23,"loc":{"start":{"line":23,"column":31},"end":{"line":24,"column":13}},"locations":[{"start":{"line":23,"column":31},"end":{"line":24,"column":13}}]}},"b":{"0":[6],"1":[4],"2":[2],"3":[1]},"fnMap":{"0":{"name":"clientIp","decl":{"start":{"line":20,"column":7},"end":{"line":26,"column":1}},"loc":{"start":{"line":20,"column":7},"end":{"line":26,"column":1}},"line":20}},"f":{"0":6}}
,"C:\\Users\\ThomasGarcia\\Documents\\vibe\\porter\\src\\lib\\auth-audit.ts": {"path":"C:\\Users\\ThomasGarcia\\Documents\\vibe\\porter\\src\\lib\\auth-audit.ts","all":false,"statementMap":{"0":{"start":{"line":1,"column":0},"end":{"line":1,"column":34}},"14":{"start":{"line":15,"column":0},"end":{"line":15,"column":36}},"19":{"start":{"line":20,"column":0},"end":{"line":20,"column":4}},"20":{"start":{"line":21,"column":0},"end":{"line":21,"column":17}},"21":{"start":{"line":22,"column":0},"end":{"line":22,"column":13}},"22":{"start":{"line":23,"column":0},"end":{"line":23,"column":13}},"23":{"start":{"line":24,"column":0},"end":{"line":24,"column":28}},"24":{"start":{"line":25,"column":0},"end":{"line":25,"column":22}},"25":{"start":{"line":26,"column":0},"end":{"line":26,"column":23}},"26":{"start":{"line":27,"column":0},"end":{"line":27,"column":36}},"27":{"start":{"line":28,"column":0},"end":{"line":28,"column":42}},"28":{"start":{"line":29,"column":0},"end":{"line":29,"column":42}},"29":{"start":{"line":30,"column":0},"end":{"line":30,"column":8}},"30":{"start":{"line":31,"column":0},"end":{"line":31,"column":6}},"31":{"start":{"line":32,"column":0},"end":{"line":32,"column":21}},"32":{"start":{"line":33,"column":0},"end":{"line":33,"column":1}}},"s":{"0":1,"14":1,"19":11,"20":11,"21":11,"22":11,"23":11,"24":11,"25":11,"26":11,"27":11,"28":11,"29":11,"30":11,"31":11,"32":11},"branchMap":{"0":{"type":"branch","line":15,"loc":{"start":{"line":15,"column":7},"end":{"line":33,"column":1}},"locations":[{"start":{"line":15,"column":7},"end":{"line":33,"column":1}}]},"1":{"type":"branch","line":27,"loc":{"start":{"line":27,"column":21},"end":{"line":27,"column":36}},"locations":[{"start":{"line":27,"column":21},"end":{"line":27,"column":36}}]},"2":{"type":"branch","line":28,"loc":{"start":{"line":28,"column":24},"end":{"line":28,"column":42}},"locations":[{"start":{"line":28,"column":24},"end":{"line":28,"column":42}}]},"3":{"type":"branch","line":29,"loc":{"start":{"line":29,"column":24},"end":{"line":29,"column":42}},"locations":[{"start":{"line":29,"column":24},"end":{"line":29,"column":42}}]},"4":{"type":"branch","line":32,"loc":{"start":{"line":32,"column":11},"end":{"line":32,"column":19}},"locations":[{"start":{"line":32,"column":11},"end":{"line":32,"column":19}}]}},"b":{"0":[11],"1":[10],"2":[10],"3":[10],"4":[1]},"fnMap":{"0":{"name":"logAuthEvent","decl":{"start":{"line":15,"column":7},"end":{"line":33,"column":1}},"loc":{"start":{"line":15,"column":7},"end":{"line":33,"column":1}},"line":15}},"f":{"0":11}}
,"C:\\Users\\ThomasGarcia\\Documents\\vibe\\porter\\src\\lib\\csrf.ts": {"path":"C:\\Users\\ThomasGarcia\\Documents\\vibe\\porter\\src\\lib\\csrf.ts","all":false,"statementMap":{"2":{"start":{"line":3,"column":0},"end":{"line":3,"column":40}},"3":{"start":{"line":4,"column":0},"end":{"line":4,"column":42}},"6":{"start":{"line":7,"column":0},"end":{"line":7,"column":45}},"7":{"start":{"line":8,"column":0},"end":{"line":8,"column":35}},"8":{"start":{"line":9,"column":0},"end":{"line":9,"column":32}},"9":{"start":{"line":10,"column":0},"end":{"line":10,"column":76}},"10":{"start":{"line":11,"column":0},"end":{"line":11,"column":1}},"17":{"start":{"line":18,"column":0},"end":{"line":18,"column":57}},"18":{"start":{"line":19,"column":0},"end":{"line":19,"column":58}},"19":{"start":{"line":20,"column":0},"end":{"line":20,"column":51}},"20":{"start":{"line":21,"column":0},"end":{"line":21,"column":49}},"22":{"start":{"line":23,"column":0},"end":{"line":23,"column":66}},"23":{"start":{"line":24,"column":0},"end":{"line":24,"column":1}}},"s":{"2":1,"3":1,"6":1,"7":5,"8":5,"9":5,"10":5,"17":1,"18":9,"19":9,"20":9,"22":9,"23":9},"branchMap":{"0":{"type":"branch","line":7,"loc":{"start":{"line":7,"column":7},"end":{"line":11,"column":1}},"locations":[{"start":{"line":7,"column":7},"end":{"line":11,"column":1}}]},"1":{"type":"branch","line":10,"loc":{"start":{"line":10,"column":27},"end":{"line":10,"column":65}},"locations":[{"start":{"line":10,"column":27},"end":{"line":10,"column":65}}]},"2":{"type":"branch","line":18,"loc":{"start":{"line":18,"column":7},"end":{"line":24,"column":1}},"locations":[{"start":{"line":18,"column":7},"end":{"line":24,"column":1}}]},"3":{"type":"branch","line":19,"loc":{"start":{"line":19,"column":49},"end":{"line":19,"column":58}},"locations":[{"start":{"line":19,"column":49},"end":{"line":19,"column":58}}]},"4":{"type":"branch","line":21,"loc":{"start":{"line":21,"column":7},"end":{"line":21,"column":36}},"locations":[{"start":{"line":21,"column":7},"end":{"line":21,"column":36}}]},"5":{"type":"branch","line":21,"loc":{"start":{"line":21,"column":36},"end":{"line":21,"column":49}},"locations":[{"start":{"line":21,"column":36},"end":{"line":21,"column":49}}]},"6":{"type":"branch","line":21,"loc":{"start":{"line":21,"column":43},"end":{"line":23,"column":40}},"locations":[{"start":{"line":21,"column":43},"end":{"line":23,"column":40}}]},"7":{"type":"branch","line":23,"loc":{"start":{"line":23,"column":25},"end":{"line":23,"column":66}},"locations":[{"start":{"line":23,"column":25},"end":{"line":23,"column":66}}]}},"b":{"0":[5],"1":[160],"2":[9],"3":[7],"4":[6],"5":[4],"6":[5],"7":[4]},"fnMap":{"0":{"name":"generateCsrfToken","decl":{"start":{"line":7,"column":7},"end":{"line":11,"column":1}},"loc":{"start":{"line":7,"column":7},"end":{"line":11,"column":1}},"line":7},"1":{"name":"validateCsrf","decl":{"start":{"line":18,"column":7},"end":{"line":24,"column":1}},"loc":{"start":{"line":18,"column":7},"end":{"line":24,"column":1}},"line":18}},"f":{"0":5,"1":9}}
,"C:\\Users\\ThomasGarcia\\Documents\\vibe\\porter\\src\\lib\\schema-view.ts": {"path":"C:\\Users\\ThomasGarcia\\Documents\\vibe\\porter\\src\\lib\\schema-view.ts","all":false,"statementMap":{"21":{"start":{"line":22,"column":0},"end":{"line":22,"column":38}},"22":{"start":{"line":23,"column":0},"end":{"line":23,"column":10}},"23":{"start":{"line":24,"column":0},"end":{"line":24,"column":18}},"24":{"start":{"line":25,"column":0},"end":{"line":25,"column":32}},"25":{"start":{"line":26,"column":0},"end":{"line":26,"column":28}},"26":{"start":{"line":27,"column":0},"end":{"line":27,"column":18}},"27":{"start":{"line":28,"column":0},"end":{"line":28,"column":1}},"30":{"start":{"line":31,"column":0},"end":{"line":31,"column":81}},"31":{"start":{"line":32,"column":0},"end":{"line":32,"column":60}},"32":{"start":{"line":33,"column":0},"end":{"line":33,"column":1}},"35":{"start":{"line":36,"column":0},"end":{"line":36,"column":67}},"36":{"start":{"line":37,"column":0},"end":{"line":37,"column":68}},"37":{"start":{"line":38,"column":0},"end":{"line":38,"column":1}},"43":{"start":{"line":44,"column":0},"end":{"line":44,"column":64}},"44":{"start":{"line":45,"column":0},"end":{"line":45,"column":42}},"45":{"start":{"line":46,"column":0},"end":{"line":46,"column":37}},"47":{"start":{"line":48,"column":0},"end":{"line":48,"column":21}},"48":{"start":{"line":49,"column":0},"end":{"line":49,"column":18}},"49":{"start":{"line":50,"column":0},"end":{"line":50,"column":45}},"50":{"start":{"line":51,"column":0},"end":{"line":51,"column":19}},"51":{"start":{"line":52,"column":0},"end":{"line":52,"column":45}},"52":{"start":{"line":53,"column":0},"end":{"line":53,"column":19}},"53":{"start":{"line":54,"column":0},"end":{"line":54,"column":14}},"54":{"start":{"line":55,"column":0},"end":{"line":55,"column":17}},"55":{"start":{"line":56,"column":0},"end":{"line":56,"column":63}},"56":{"start":{"line":57,"column":0},"end":{"line":57,"column":64}},"59":{"start":{"line":60,"column":0},"end":{"line":60,"column":16}},"60":{"start":{"line":61,"column":0},"end":{"line":61,"column":49}},"61":{"start":{"line":62,"column":0},"end":{"line":62,"column":12}},"62":{"start":{"line":63,"column":0},"end":{"line":63,"column":47}},"63":{"start":{"line":64,"column":0},"end":{"line":64,"column":3}},"64":{"start":{"line":65,"column":0},"end":{"line":65,"column":1}},"72":{"start":{"line":73,"column":0},"end":{"line":73,"column":39}},"73":{"start":{"line":74,"column":0},"end":{"line":74,"column":17}},"74":{"start":{"line":75,"column":0},"end":{"line":75,"column":22}},"75":{"start":{"line":76,"column":0},"end":{"line":76,"column":19}},"76":{"start":{"line":77,"column":0},"end":{"line":77,"column":21}},"77":{"start":{"line":78,"column":0},"end":{"line":78,"column":19}},"78":{"start":{"line":79,"column":0},"end":{"line":79,"column":18}},"79":{"start":{"line":80,"column":0},"end":{"line":80,"column":60}},"81":{"start":{"line":82,"column":0},"end":{"line":82,"column":29}},"82":{"start":{"line":83,"column":0},"end":{"line":83,"column":19}},"83":{"start":{"line":84,"column":0},"end":{"line":84,"column":55}},"84":{"start":{"line":85,"column":0},"end":{"line":85,"column":56}},"85":{"start":{"line":86,"column":0},"end":{"line":86,"column":37}},"86":{"start":{"line":87,"column":0},"end":{"line":87,"column":6}},"87":{"start":{"line":88,"column":0},"end":{"line":88,"column":17}},"90":{"start":{"line":91,"column":0},"end":{"line":91,"column":15}},"91":{"start":{"line":92,"column":0},"end":{"line":92,"column":49}},"95":{"start":{"line":96,"column":0},"end":{"line":96,"column":14}},"100":{"start":{"line":101,"column":0},"end":{"line":101,"column":35}},"102":{"start":{"line":103,"column":0},"end":{"line":103,"column":90}},"104":{"start":{"line":105,"column":0},"end":{"line":105,"column":9}},"106":{"start":{"line":107,"column":0},"end":{"line":107,"column":34}},"107":{"start":{"line":108,"column":0},"end":{"line":108,"column":1}},"113":{"start":{"line":114,"column":0},"end":{"line":114,"column":43}},"114":{"start":{"line":115,"column":0},"end":{"line":115,"column":17}},"115":{"start":{"line":116,"column":0},"end":{"line":116,"column":25}},"116":{"start":{"line":117,"column":0},"end":{"line":117,"column":19}},"117":{"start":{"line":118,"column":0},"end":{"line":118,"column":21}},"118":{"start":{"line":119,"column":0},"end":{"line":119,"column":19}},"119":{"start":{"line":120,"column":0},"end":{"line":120,"column":18}},"120":{"start":{"line":121,"column":0},"end":{"line":121,"column":36}},"121":{"start":{"line":122,"column":0},"end":{"line":122,"column":32}},"122":{"start":{"line":123,"column":0},"end":{"line":123,"column":20}},"123":{"start":{"line":124,"column":0},"end":{"line":124,"column":79}},"124":{"start":{"line":125,"column":0},"end":{"line":125,"column":4}},"125":{"start":{"line":126,"column":0},"end":{"line":126,"column":1}},"130":{"start":{"line":131,"column":0},"end":{"line":131,"column":37}},"131":{"start":{"line":132,"column":0},"end":{"line":132,"column":17}},"132":{"start":{"line":133,"column":0},"end":{"line":133,"column":22}},"133":{"start":{"line":134,"column":0},"end":{"line":134,"column":20}},"134":{"start":{"line":135,"column":0},"end":{"line":135,"column":18}},"135":{"start":{"line":136,"column":0},"end":{"line":136,"column":59}},"136":{"start":{"line":137,"column":0},"end":{"line":137,"column":76}},"137":{"start":{"line":138,"column":0},"end":{"line":138,"column":1}},"142":{"start":{"line":143,"column":0},"end":{"line":143,"column":41}},"143":{"start":{"line":144,"column":0},"end":{"line":144,"column":17}},"144":{"start":{"line":145,"column":0},"end":{"line":145,"column":25}},"145":{"start":{"line":146,"column":0},"end":{"line":146,"column":20}},"146":{"start":{"line":147,"column":0},"end":{"line":147,"column":18}},"147":{"start":{"line":148,"column":0},"end":{"line":148,"column":81}},"148":{"start":{"line":149,"column":0},"end":{"line":149,"column":1}}},"s":{"21":40,"22":40,"23":40,"24":40,"25":40,"26":40,"27":40,"30":1,"31":20,"32":20,"35":2,"36":2,"37":2,"43":10,"44":10,"45":10,"47":10,"48":10,"49":1,"50":10,"51":1,"52":10,"53":1,"54":1,"55":1,"56":1,"59":10,"60":1,"61":10,"62":6,"63":10,"64":10,"72":10,"73":10,"74":10,"75":10,"76":10,"77":10,"78":10,"79":10,"81":10,"82":10,"83":10,"84":10,"85":10,"86":10,"87":10,"90":10,"91":10,"95":10,"100":10,"102":10,"104":10,"106":10,"107":10,"113":3,"114":3,"115":3,"116":3,"117":3,"118":3,"119":3,"120":3,"121":2,"122":2,"123":2,"124":2,"125":2,"130":3,"131":3,"132":3,"133":3,"134":3,"135":3,"136":3,"137":3,"142":1,"143":1,"144":1,"145":1,"146":1,"147":1,"148":1},"branchMap":{"0":{"type":"branch","line":22,"loc":{"start":{"line":22,"column":0},"end":{"line":28,"column":1}},"locations":[{"start":{"line":22,"column":0},"end":{"line":28,"column":1}}]},"1":{"type":"branch","line":31,"loc":{"start":{"line":31,"column":7},"end":{"line":33,"column":1}},"locations":[{"start":{"line":31,"column":7},"end":{"line":33,"column":1}}]},"2":{"type":"branch","line":36,"loc":{"start":{"line":36,"column":0},"end":{"line":38,"column":1}},"locations":[{"start":{"line":36,"column":0},"end":{"line":38,"column":1}}]},"3":{"type":"branch","line":44,"loc":{"start":{"line":44,"column":0},"end":{"line":65,"column":1}},"locations":[{"start":{"line":44,"column":0},"end":{"line":65,"column":1}}]},"4":{"type":"branch","line":49,"loc":{"start":{"line":49,"column":4},"end":{"line":50,"column":45}},"locations":[{"start":{"line":49,"column":4},"end":{"line":50,"column":45}}]},"5":{"type":"branch","line":51,"loc":{"start":{"line":51,"column":4},"end":{"line":52,"column":45}},"locations":[{"start":{"line":51,"column":4},"end":{"line":52,"column":45}}]},"6":{"type":"branch","line":53,"loc":{"start":{"line":53,"column":4},"end":{"line":57,"column":64}},"locations":[{"start":{"line":53,"column":4},"end":{"line":57,"column":64}}]},"7":{"type":"branch","line":60,"loc":{"start":{"line":60,"column":4},"end":{"line":61,"column":49}},"locations":[{"start":{"line":60,"column":4},"end":{"line":61,"column":49}}]},"8":{"type":"branch","line":62,"loc":{"start":{"line":62,"column":4},"end":{"line":63,"column":47}},"locations":[{"start":{"line":62,"column":4},"end":{"line":63,"column":47}}]},"9":{"type":"branch","line":73,"loc":{"start":{"line":73,"column":0},"end":{"line":108,"column":1}},"locations":[{"start":{"line":73,"column":0},"end":{"line":108,"column":1}}]},"10":{"type":"branch","line":83,"loc":{"start":{"line":83,"column":9},"end":{"line":87,"column":5}},"locations":[{"start":{"line":83,"column":9},"end":{"line":87,"column":5}}]},"11":{"type":"branch","line":114,"loc":{"start":{"line":114,"column":0},"end":{"line":126,"column":1}},"locations":[{"start":{"line":114,"column":0},"end":{"line":126,"column":1}}]},"12":{"type":"branch","line":121,"loc":{"start":{"line":121,"column":29},"end":{"line":121,"column":36}},"locations":[{"start":{"line":121,"column":29},"end":{"line":121,"column":36}}]},"13":{"type":"branch","line":121,"loc":{"start":{"line":121,"column":29},"end":{"line":126,"column":1}},"locations":[{"start":{"line":121,"column":29},"end":{"line":126,"column":1}}]},"14":{"type":"branch","line":124,"loc":{"start":{"line":124,"column":17},"end":{"line":124,"column":78}},"locations":[{"start":{"line":124,"column":17},"end":{"line":124,"column":78}}]},"15":{"type":"branch","line":131,"loc":{"start":{"line":131,"column":0},"end":{"line":138,"column":1}},"locations":[{"start":{"line":131,"column":0},"end":{"line":138,"column":1}}]},"16":{"type":"branch","line":143,"loc":{"start":{"line":143,"column":0},"end":{"line":149,"column":1}},"locations":[{"start":{"line":143,"column":0},"end":{"line":149,"column":1}}]},"17":{"type":"branch","line":148,"loc":{"start":{"line":148,"column":33},"end":{"line":148,"column":78}},"locations":[{"start":{"line":148,"column":33},"end":{"line":148,"column":78}}]}},"b":{"0":[40],"1":[20],"2":[2],"3":[10],"4":[1],"5":[1],"6":[1],"7":[1],"8":[6],"9":[10],"10":[10],"11":[3],"12":[1],"13":[2],"14":[3],"15":[3],"16":[1],"17":[2]},"fnMap":{"0":{"name":"sanitize","decl":{"start":{"line":22,"column":0},"end":{"line":28,"column":1}},"loc":{"start":{"line":22,"column":0},"end":{"line":28,"column":1}},"line":22},"1":{"name":"schemaViewName","decl":{"start":{"line":31,"column":7},"end":{"line":33,"column":1}},"loc":{"start":{"line":31,"column":7},"end":{"line":33,"column":1}},"line":31},"2":{"name":"ensureReportsSchema","decl":{"start":{"line":36,"column":0},"end":{"line":38,"column":1}},"loc":{"start":{"line":36,"column":0},"end":{"line":38,"column":1}},"line":36},"3":{"name":"columnExpr","decl":{"start":{"line":44,"column":0},"end":{"line":65,"column":1}},"loc":{"start":{"line":44,"column":0},"end":{"line":65,"column":1}},"line":44},"4":{"name":"upsertSchemaView","decl":{"start":{"line":73,"column":0},"end":{"line":108,"column":1}},"loc":{"start":{"line":73,"column":0},"end":{"line":108,"column":1}},"line":73},"5":{"name":"upsertAllSchemaViews","decl":{"start":{"line":114,"column":0},"end":{"line":126,"column":1}},"loc":{"start":{"line":114,"column":0},"end":{"line":126,"column":1}},"line":114},"6":{"name":"dropSchemaView","decl":{"start":{"line":131,"column":0},"end":{"line":138,"column":1}},"loc":{"start":{"line":131,"column":0},"end":{"line":138,"column":1}},"line":131},"7":{"name":"dropAllSchemaViews","decl":{"start":{"line":143,"column":0},"end":{"line":149,"column":1}},"loc":{"start":{"line":143,"column":0},"end":{"line":149,"column":1}},"line":143}},"f":{"0":40,"1":20,"2":2,"3":10,"4":10,"5":3,"6":3,"7":1}}
,"C:\\Users\\ThomasGarcia\\Documents\\vibe\\porter\\src\\lib\\secrets.ts": {"path":"C:\\Users\\ThomasGarcia\\Documents\\vibe\\porter\\src\\lib\\secrets.ts","all":false,"statementMap":{"14":{"start":{"line":15,"column":0},"end":{"line":15,"column":50}},"15":{"start":{"line":16,"column":0},"end":{"line":16,"column":53}},"16":{"start":{"line":17,"column":0},"end":{"line":17,"column":75}},"17":{"start":{"line":18,"column":0},"end":{"line":18,"column":50}},"18":{"start":{"line":19,"column":0},"end":{"line":19,"column":60}},"19":{"start":{"line":20,"column":0},"end":{"line":20,"column":58}},"20":{"start":{"line":21,"column":0},"end":{"line":21,"column":2}},"22":{"start":{"line":23,"column":0},"end":{"line":23,"column":64}},"23":{"start":{"line":24,"column":0},"end":{"line":24,"column":45}},"24":{"start":{"line":25,"column":0},"end":{"line":25,"column":18}},"25":{"start":{"line":26,"column":0},"end":{"line":26,"column":85}},"26":{"start":{"line":27,"column":0},"end":{"line":27,"column":11}},"27":{"start":{"line":28,"column":0},"end":{"line":28,"column":3}},"29":{"start":{"line":30,"column":0},"end":{"line":30,"column":69}},"30":{"start":{"line":31,"column":0},"end":{"line":31,"column":67}},"32":{"start":{"line":33,"column":0},"end":{"line":33,"column":74}},"34":{"start":{"line":35,"column":0},"end":{"line":35,"column":78}},"35":{"start":{"line":36,"column":0},"end":{"line":36,"column":78}},"36":{"start":{"line":37,"column":0},"end":{"line":37,"column":9}},"37":{"start":{"line":38,"column":0},"end":{"line":38,"column":56}},"38":{"start":{"line":39,"column":0},"end":{"line":39,"column":59}},"39":{"start":{"line":40,"column":0},"end":{"line":40,"column":19}},"40":{"start":{"line":41,"column":0},"end":{"line":41,"column":21}},"41":{"start":{"line":42,"column":0},"end":{"line":42,"column":84}},"42":{"start":{"line":43,"column":0},"end":{"line":43,"column":7}},"44":{"start":{"line":45,"column":0},"end":{"line":45,"column":5}},"45":{"start":{"line":46,"column":0},"end":{"line":46,"column":3}},"47":{"start":{"line":48,"column":0},"end":{"line":48,"column":20}},"48":{"start":{"line":49,"column":0},"end":{"line":49,"column":71}},"49":{"start":{"line":50,"column":0},"end":{"line":50,"column":4}},"50":{"start":{"line":51,"column":0},"end":{"line":51,"column":1}}},"s":{"14":1,"15":1,"16":1,"17":1,"18":1,"19":1,"20":1,"22":8,"23":8,"24":8,"25":2,"26":2,"27":2,"29":6,"30":6,"32":6,"34":6,"35":30,"36":29,"37":29,"38":30,"39":30,"40":5,"41":5,"42":5,"44":5,"45":30,"47":6,"48":6,"49":6,"50":6},"branchMap":{"0":{"type":"branch","line":23,"loc":{"start":{"line":23,"column":0},"end":{"line":51,"column":1}},"locations":[{"start":{"line":23,"column":0},"end":{"line":51,"column":1}}]},"1":{"type":"branch","line":25,"loc":{"start":{"line":25,"column":17},"end":{"line":28,"column":3}},"locations":[{"start":{"line":25,"column":17},"end":{"line":28,"column":3}}]},"2":{"type":"branch","line":28,"loc":{"start":{"line":28,"column":2},"end":{"line":51,"column":1}},"locations":[{"start":{"line":28,"column":2},"end":{"line":51,"column":1}}]},"3":{"type":"branch","line":35,"loc":{"start":{"line":35,"column":2},"end":{"line":46,"column":3}},"locations":[{"start":{"line":35,"column":2},"end":{"line":46,"column":3}}]},"4":{"type":"branch","line":36,"loc":{"start":{"line":36,"column":29},"end":{"line":36,"column":78}},"locations":[{"start":{"line":36,"column":29},"end":{"line":36,"column":78}}]},"5":{"type":"branch","line":36,"loc":{"start":{"line":36,"column":29},"end":{"line":38,"column":56}},"locations":[{"start":{"line":36,"column":29},"end":{"line":38,"column":56}}]},"6":{"type":"branch","line":38,"loc":{"start":{"line":38,"column":54},"end":{"line":39,"column":32}},"locations":[{"start":{"line":38,"column":54},"end":{"line":39,"column":32}}]},"7":{"type":"branch","line":39,"loc":{"start":{"line":39,"column":24},"end":{"line":39,"column":59}},"locations":[{"start":{"line":39,"column":24},"end":{"line":39,"column":59}}]},"8":{"type":"branch","line":40,"loc":{"start":{"line":40,"column":4},"end":{"line":45,"column":5}},"locations":[{"start":{"line":40,"column":4},"end":{"line":45,"column":5}}]},"9":{"type":"branch","line":49,"loc":{"start":{"line":49,"column":41},"end":{"line":49,"column":69}},"locations":[{"start":{"line":49,"column":41},"end":{"line":49,"column":69}}]}},"b":{"0":[8],"1":[2],"2":[6],"3":[30],"4":[1],"5":[29],"6":[24],"7":[19],"8":[5],"9":[30]},"fnMap":{"0":{"name":"loadSecretsFromKeyVault","decl":{"start":{"line":23,"column":0},"end":{"line":51,"column":1}},"loc":{"start":{"line":23,"column":0},"end":{"line":51,"column":1}},"line":23},"1":{"name":"load","decl":{"start":{"line":35,"column":2},"end":{"line":46,"column":3}},"loc":{"start":{"line":35,"column":2},"end":{"line":46,"column":3}},"line":35}},"f":{"0":8,"1":30}}
,"C:\\Users\\ThomasGarcia\\Documents\\vibe\\porter\\src\\lib\\service-bus.ts": {"path":"C:\\Users\\ThomasGarcia\\Documents\\vibe\\porter\\src\\lib\\service-bus.ts","all":false,"statementMap":{"0":{"start":{"line":1,"column":0},"end":{"line":1,"column":54}},"1":{"start":{"line":2,"column":0},"end":{"line":2,"column":57}},"14":{"start":{"line":15,"column":0},"end":{"line":15,"column":51}},"15":{"start":{"line":16,"column":0},"end":{"line":16,"column":51}},"16":{"start":{"line":17,"column":0},"end":{"line":17,"column":1}},"23":{"start":{"line":24,"column":0},"end":{"line":24,"column":82}},"24":{"start":{"line":25,"column":0},"end":{"line":25,"column":75}},"25":{"start":{"line":26,"column":0},"end":{"line":26,"column":60}},"26":{"start":{"line":27,"column":0},"end":{"line":27,"column":81}},"28":{"start":{"line":29,"column":0},"end":{"line":29,"column":40}},"29":{"start":{"line":30,"column":0},"end":{"line":30,"column":62}},"30":{"start":{"line":31,"column":0},"end":{"line":31,"column":3}},"32":{"start":{"line":33,"column":0},"end":{"line":33,"column":33}},"33":{"start":{"line":34,"column":0},"end":{"line":34,"column":44}},"34":{"start":{"line":35,"column":0},"end":{"line":35,"column":69}},"36":{"start":{"line":37,"column":0},"end":{"line":37,"column":48}},"37":{"start":{"line":38,"column":0},"end":{"line":38,"column":7}},"38":{"start":{"line":39,"column":0},"end":{"line":39,"column":82}},"39":{"start":{"line":40,"column":0},"end":{"line":40,"column":13}},"40":{"start":{"line":41,"column":0},"end":{"line":41,"column":25}},"41":{"start":{"line":42,"column":0},"end":{"line":42,"column":25}},"42":{"start":{"line":43,"column":0},"end":{"line":43,"column":3}},"43":{"start":{"line":44,"column":0},"end":{"line":44,"column":1}}},"s":{"0":1,"1":1,"14":1,"15":2,"16":2,"23":9,"24":9,"25":9,"26":9,"28":9,"29":1,"30":1,"32":8,"33":6,"34":2,"36":9,"37":9,"38":9,"39":9,"40":8,"41":8,"42":8,"43":9},"branchMap":{"0":{"type":"branch","line":15,"loc":{"start":{"line":15,"column":7},"end":{"line":17,"column":1}},"locations":[{"start":{"line":15,"column":7},"end":{"line":17,"column":1}}]},"1":{"type":"branch","line":24,"loc":{"start":{"line":24,"column":0},"end":{"line":44,"column":1}},"locations":[{"start":{"line":24,"column":0},"end":{"line":44,"column":1}}]},"2":{"type":"branch","line":27,"loc":{"start":{"line":27,"column":32},"end":{"line":27,"column":81}},"locations":[{"start":{"line":27,"column":32},"end":{"line":27,"column":81}}]},"3":{"type":"branch","line":29,"loc":{"start":{"line":29,"column":7},"end":{"line":29,"column":39}},"locations":[{"start":{"line":29,"column":7},"end":{"line":29,"column":39}}]},"4":{"type":"branch","line":29,"loc":{"start":{"line":29,"column":39},"end":{"line":31,"column":3}},"locations":[{"start":{"line":29,"column":39},"end":{"line":31,"column":3}}]},"5":{"type":"branch","line":31,"loc":{"start":{"line":31,"column":2},"end":{"line":33,"column":33}},"locations":[{"start":{"line":31,"column":2},"end":{"line":33,"column":33}}]},"6":{"type":"branch","line":33,"loc":{"start":{"line":33,"column":17},"end":{"line":34,"column":44}},"locations":[{"start":{"line":33,"column":17},"end":{"line":34,"column":44}}]},"7":{"type":"branch","line":34,"loc":{"start":{"line":34,"column":43},"end":{"line":35,"column":69}},"locations":[{"start":{"line":34,"column":43},"end":{"line":35,"column":69}}]},"8":{"type":"branch","line":39,"loc":{"start":{"line":39,"column":80},"end":{"line":40,"column":4}},"locations":[{"start":{"line":39,"column":80},"end":{"line":40,"column":4}}]},"9":{"type":"branch","line":40,"loc":{"start":{"line":40,"column":2},"end":{"line":43,"column":3}},"locations":[{"start":{"line":40,"column":2},"end":{"line":43,"column":3}}]}},"b":{"0":[2],"1":[9],"2":[8],"3":[3],"4":[1],"5":[8],"6":[6],"7":[2],"8":[7],"9":[8]},"fnMap":{"0":{"name":"isServiceBusConfigured","decl":{"start":{"line":15,"column":7},"end":{"line":17,"column":1}},"loc":{"start":{"line":15,"column":7},"end":{"line":17,"column":1}},"line":15},"1":{"name":"enqueueUploadJob","decl":{"start":{"line":24,"column":0},"end":{"line":44,"column":1}},"loc":{"start":{"line":24,"column":0},"end":{"line":44,"column":1}},"line":24}},"f":{"0":2,"1":9}}
,"C:\\Users\\ThomasGarcia\\Documents\\vibe\\porter\\src\\lib\\session-binding.ts": {"path":"C:\\Users\\ThomasGarcia\\Documents\\vibe\\porter\\src\\lib\\session-binding.ts","all":false,"statementMap":{"0":{"start":{"line":1,"column":0},"end":{"line":1,"column":53}},"1":{"start":{"line":2,"column":0},"end":{"line":2,"column":41}},"12":{"start":{"line":13,"column":0},"end":{"line":13,"column":64}},"15":{"start":{"line":16,"column":0},"end":{"line":16,"column":70}},"16":{"start":{"line":17,"column":0},"end":{"line":17,"column":23}},"17":{"start":{"line":18,"column":0},"end":{"line":18,"column":55}},"18":{"start":{"line":19,"column":0},"end":{"line":19,"column":1}},"31":{"start":{"line":32,"column":0},"end":{"line":32,"column":37}},"32":{"start":{"line":33,"column":0},"end":{"line":33,"column":41}},"33":{"start":{"line":34,"column":0},"end":{"line":34,"column":31}},"34":{"start":{"line":35,"column":0},"end":{"line":35,"column":12}},"35":{"start":{"line":36,"column":0},"end":{"line":36,"column":67}},"36":{"start":{"line":37,"column":0},"end":{"line":37,"column":63}},"37":{"start":{"line":38,"column":0},"end":{"line":38,"column":1}}},"s":{"0":1,"1":1,"12":1,"15":1,"16":14,"17":10,"18":10,"31":1,"32":5,"33":5,"34":5,"35":5,"36":3,"37":3},"branchMap":{"0":{"type":"branch","line":16,"loc":{"start":{"line":16,"column":7},"end":{"line":19,"column":1}},"locations":[{"start":{"line":16,"column":7},"end":{"line":19,"column":1}}]},"1":{"type":"branch","line":17,"loc":{"start":{"line":17,"column":11},"end":{"line":17,"column":23}},"locations":[{"start":{"line":17,"column":11},"end":{"line":17,"column":23}}]},"2":{"type":"branch","line":17,"loc":{"start":{"line":17,"column":18},"end":{"line":19,"column":1}},"locations":[{"start":{"line":17,"column":18},"end":{"line":19,"column":1}}]},"3":{"type":"branch","line":32,"loc":{"start":{"line":32,"column":7},"end":{"line":38,"column":1}},"locations":[{"start":{"line":32,"column":7},"end":{"line":38,"column":1}}]},"4":{"type":"branch","line":36,"loc":{"start":{"line":36,"column":20},"end":{"line":36,"column":67}},"locations":[{"start":{"line":36,"column":20},"end":{"line":36,"column":67}}]},"5":{"type":"branch","line":36,"loc":{"start":{"line":36,"column":27},"end":{"line":38,"column":1}},"locations":[{"start":{"line":36,"column":27},"end":{"line":38,"column":1}}]}},"b":{"0":[14],"1":[4],"2":[10],"3":[5],"4":[2],"5":[3]},"fnMap":{"0":{"name":"hashUa","decl":{"start":{"line":16,"column":7},"end":{"line":19,"column":1}},"loc":{"start":{"line":16,"column":7},"end":{"line":19,"column":1}},"line":16},"1":{"name":"verifySessionBinding","decl":{"start":{"line":32,"column":7},"end":{"line":38,"column":1}},"loc":{"start":{"line":32,"column":7},"end":{"line":38,"column":1}},"line":32}},"f":{"0":14,"1":5}}
,"C:\\Users\\ThomasGarcia\\Documents\\vibe\\porter\\src\\lib\\validate.ts": {"path":"C:\\Users\\ThomasGarcia\\Documents\\vibe\\porter\\src\\lib\\validate.ts","all":false,"statementMap":{"0":{"start":{"line":1,"column":0},"end":{"line":1,"column":29}},"1":{"start":{"line":2,"column":0},"end":{"line":2,"column":29}},"2":{"start":{"line":3,"column":0},"end":{"line":3,"column":34}},"28":{"start":{"line":29,"column":0},"end":{"line":29,"column":23}},"35":{"start":{"line":36,"column":0},"end":{"line":36,"column":31}},"41":{"start":{"line":42,"column":0},"end":{"line":42,"column":69}},"42":{"start":{"line":43,"column":0},"end":{"line":43,"column":25}},"44":{"start":{"line":45,"column":0},"end":{"line":45,"column":21}},"45":{"start":{"line":46,"column":0},"end":{"line":46,"column":16}},"46":{"start":{"line":47,"column":0},"end":{"line":47,"column":34}},"48":{"start":{"line":49,"column":0},"end":{"line":49,"column":18}},"49":{"start":{"line":50,"column":0},"end":{"line":50,"column":67}},"50":{"start":{"line":51,"column":0},"end":{"line":51,"column":18}},"52":{"start":{"line":53,"column":0},"end":{"line":53,"column":19}},"53":{"start":{"line":54,"column":0},"end":{"line":54,"column":51}},"54":{"start":{"line":55,"column":0},"end":{"line":55,"column":52}},"55":{"start":{"line":56,"column":0},"end":{"line":56,"column":18}},"57":{"start":{"line":58,"column":0},"end":{"line":58,"column":21}},"58":{"start":{"line":59,"column":0},"end":{"line":59,"column":72}},"59":{"start":{"line":60,"column":0},"end":{"line":60,"column":40}},"60":{"start":{"line":61,"column":0},"end":{"line":61,"column":53}},"61":{"start":{"line":62,"column":0},"end":{"line":62,"column":18}},"62":{"start":{"line":63,"column":0},"end":{"line":63,"column":5}},"64":{"start":{"line":65,"column":0},"end":{"line":65,"column":16}},"65":{"start":{"line":66,"column":0},"end":{"line":66,"column":75}},"66":{"start":{"line":67,"column":0},"end":{"line":67,"column":18}},"68":{"start":{"line":69,"column":0},"end":{"line":69,"column":17}},"69":{"start":{"line":70,"column":0},"end":{"line":70,"column":48}},"70":{"start":{"line":71,"column":0},"end":{"line":71,"column":48}},"71":{"start":{"line":72,"column":0},"end":{"line":72,"column":18}},"73":{"start":{"line":74,"column":0},"end":{"line":74,"column":12}},"74":{"start":{"line":75,"column":0},"end":{"line":75,"column":18}},"75":{"start":{"line":76,"column":0},"end":{"line":76,"column":3}},"76":{"start":{"line":77,"column":0},"end":{"line":77,"column":1}},"82":{"start":{"line":83,"column":0},"end":{"line":83,"column":21}},"83":{"start":{"line":84,"column":0},"end":{"line":84,"column":30}},"84":{"start":{"line":85,"column":0},"end":{"line":85,"column":20}},"85":{"start":{"line":86,"column":0},"end":{"line":86,"column":23}},"86":{"start":{"line":87,"column":0},"end":{"line":87,"column":33}},"87":{"start":{"line":88,"column":0},"end":{"line":88,"column":27}},"88":{"start":{"line":89,"column":0},"end":{"line":89,"column":12}},"89":{"start":{"line":90,"column":0},"end":{"line":90,"column":78}},"91":{"start":{"line":92,"column":0},"end":{"line":92,"column":30}},"92":{"start":{"line":93,"column":0},"end":{"line":93,"column":43}},"94":{"start":{"line":95,"column":0},"end":{"line":95,"column":63}},"95":{"start":{"line":96,"column":0},"end":{"line":96,"column":80}},"96":{"start":{"line":97,"column":0},"end":{"line":97,"column":78}},"98":{"start":{"line":99,"column":0},"end":{"line":99,"column":42}},"100":{"start":{"line":101,"column":0},"end":{"line":101,"column":39}},"101":{"start":{"line":102,"column":0},"end":{"line":102,"column":101}},"102":{"start":{"line":103,"column":0},"end":{"line":103,"column":15}},"103":{"start":{"line":104,"column":0},"end":{"line":104,"column":5}},"104":{"start":{"line":105,"column":0},"end":{"line":105,"column":31}},"106":{"start":{"line":107,"column":0},"end":{"line":107,"column":54}},"107":{"start":{"line":108,"column":0},"end":{"line":108,"column":20}},"108":{"start":{"line":109,"column":0},"end":{"line":109,"column":81}},"109":{"start":{"line":110,"column":0},"end":{"line":110,"column":15}},"110":{"start":{"line":111,"column":0},"end":{"line":111,"column":5}},"112":{"start":{"line":113,"column":0},"end":{"line":113,"column":36}},"113":{"start":{"line":114,"column":0},"end":{"line":114,"column":52}},"114":{"start":{"line":115,"column":0},"end":{"line":115,"column":29}},"115":{"start":{"line":116,"column":0},"end":{"line":116,"column":43}},"116":{"start":{"line":117,"column":0},"end":{"line":117,"column":81}},"117":{"start":{"line":118,"column":0},"end":{"line":118,"column":19}},"118":{"start":{"line":119,"column":0},"end":{"line":119,"column":64}},"119":{"start":{"line":120,"column":0},"end":{"line":120,"column":101}},"120":{"start":{"line":121,"column":0},"end":{"line":121,"column":21}},"121":{"start":{"line":122,"column":0},"end":{"line":122,"column":25}},"122":{"start":{"line":123,"column":0},"end":{"line":123,"column":27}},"123":{"start":{"line":124,"column":0},"end":{"line":124,"column":16}},"124":{"start":{"line":125,"column":0},"end":{"line":125,"column":78}},"125":{"start":{"line":126,"column":0},"end":{"line":126,"column":11}},"126":{"start":{"line":127,"column":0},"end":{"line":127,"column":7}},"127":{"start":{"line":128,"column":0},"end":{"line":128,"column":5}},"128":{"start":{"line":129,"column":0},"end":{"line":129,"column":3}},"130":{"start":{"line":131,"column":0},"end":{"line":131,"column":14}},"131":{"start":{"line":132,"column":0},"end":{"line":132,"column":1}},"134":{"start":{"line":135,"column":0},"end":{"line":135,"column":24}},"135":{"start":{"line":136,"column":0},"end":{"line":136,"column":30}},"136":{"start":{"line":137,"column":0},"end":{"line":137,"column":23}},"137":{"start":{"line":138,"column":0},"end":{"line":138,"column":32}},"138":{"start":{"line":139,"column":0},"end":{"line":139,"column":27}},"139":{"start":{"line":140,"column":0},"end":{"line":140,"column":25}},"140":{"start":{"line":141,"column":0},"end":{"line":141,"column":30}},"141":{"start":{"line":142,"column":0},"end":{"line":142,"column":42}},"142":{"start":{"line":143,"column":0},"end":{"line":143,"column":63}},"143":{"start":{"line":144,"column":0},"end":{"line":144,"column":32}},"144":{"start":{"line":145,"column":0},"end":{"line":145,"column":53}},"145":{"start":{"line":146,"column":0},"end":{"line":146,"column":21}},"146":{"start":{"line":147,"column":0},"end":{"line":147,"column":26}},"147":{"start":{"line":148,"column":0},"end":{"line":148,"column":65}},"148":{"start":{"line":149,"column":0},"end":{"line":149,"column":3}},"149":{"start":{"line":150,"column":0},"end":{"line":150,"column":13}},"150":{"start":{"line":151,"column":0},"end":{"line":151,"column":1}},"156":{"start":{"line":157,"column":0},"end":{"line":157,"column":33}},"157":{"start":{"line":158,"column":0},"end":{"line":158,"column":17}},"158":{"start":{"line":159,"column":0},"end":{"line":159,"column":23}},"159":{"start":{"line":160,"column":0},"end":{"line":160,"column":33}},"160":{"start":{"line":161,"column":0},"end":{"line":161,"column":26}},"161":{"start":{"line":162,"column":0},"end":{"line":162,"column":54}},"162":{"start":{"line":163,"column":0},"end":{"line":163,"column":35}},"163":{"start":{"line":164,"column":0},"end":{"line":164,"column":41}},"164":{"start":{"line":165,"column":0},"end":{"line":165,"column":46}},"165":{"start":{"line":166,"column":0},"end":{"line":166,"column":21}},"166":{"start":{"line":167,"column":0},"end":{"line":167,"column":31}},"168":{"start":{"line":169,"column":0},"end":{"line":169,"column":43}},"170":{"start":{"line":171,"column":0},"end":{"line":171,"column":45}},"171":{"start":{"line":172,"column":0},"end":{"line":172,"column":19}},"172":{"start":{"line":173,"column":0},"end":{"line":173,"column":27}},"173":{"start":{"line":174,"column":0},"end":{"line":174,"column":39}},"174":{"start":{"line":175,"column":0},"end":{"line":175,"column":33}},"175":{"start":{"line":176,"column":0},"end":{"line":176,"column":20}},"177":{"start":{"line":178,"column":0},"end":{"line":178,"column":20}},"178":{"start":{"line":179,"column":0},"end":{"line":179,"column":58}},"181":{"start":{"line":182,"column":0},"end":{"line":182,"column":30}},"182":{"start":{"line":183,"column":0},"end":{"line":183,"column":45}},"183":{"start":{"line":184,"column":0},"end":{"line":184,"column":46}},"184":{"start":{"line":185,"column":0},"end":{"line":185,"column":11}},"186":{"start":{"line":187,"column":0},"end":{"line":187,"column":38}},"187":{"start":{"line":188,"column":0},"end":{"line":188,"column":73}},"188":{"start":{"line":189,"column":0},"end":{"line":189,"column":44}},"189":{"start":{"line":190,"column":0},"end":{"line":190,"column":13}},"190":{"start":{"line":191,"column":0},"end":{"line":191,"column":11}},"191":{"start":{"line":192,"column":0},"end":{"line":192,"column":32}},"192":{"start":{"line":193,"column":0},"end":{"line":193,"column":9}},"194":{"start":{"line":195,"column":0},"end":{"line":195,"column":19}},"195":{"start":{"line":196,"column":0},"end":{"line":196,"column":60}},"197":{"start":{"line":198,"column":0},"end":{"line":198,"column":84}},"201":{"start":{"line":202,"column":0},"end":{"line":202,"column":49}},"202":{"start":{"line":203,"column":0},"end":{"line":203,"column":61}},"203":{"start":{"line":204,"column":0},"end":{"line":204,"column":9}},"204":{"start":{"line":205,"column":0},"end":{"line":205,"column":8}},"206":{"start":{"line":207,"column":0},"end":{"line":207,"column":18}},"207":{"start":{"line":208,"column":0},"end":{"line":208,"column":57}},"208":{"start":{"line":209,"column":0},"end":{"line":209,"column":91}},"209":{"start":{"line":210,"column":0},"end":{"line":210,"column":8}},"211":{"start":{"line":212,"column":0},"end":{"line":212,"column":18}},"212":{"start":{"line":213,"column":0},"end":{"line":213,"column":17}},"213":{"start":{"line":214,"column":0},"end":{"line":214,"column":92}},"214":{"start":{"line":215,"column":0},"end":{"line":215,"column":30}},"215":{"start":{"line":216,"column":0},"end":{"line":216,"column":22}},"216":{"start":{"line":217,"column":0},"end":{"line":217,"column":19}},"217":{"start":{"line":218,"column":0},"end":{"line":218,"column":11}},"218":{"start":{"line":219,"column":0},"end":{"line":219,"column":8}},"219":{"start":{"line":220,"column":0},"end":{"line":220,"column":7}},"220":{"start":{"line":221,"column":0},"end":{"line":221,"column":5}},"221":{"start":{"line":222,"column":0},"end":{"line":222,"column":1}},"227":{"start":{"line":228,"column":0},"end":{"line":228,"column":83}},"228":{"start":{"line":229,"column":0},"end":{"line":229,"column":57}},"229":{"start":{"line":230,"column":0},"end":{"line":230,"column":14}},"230":{"start":{"line":231,"column":0},"end":{"line":231,"column":56}},"231":{"start":{"line":232,"column":0},"end":{"line":232,"column":17}},"232":{"start":{"line":233,"column":0},"end":{"line":233,"column":31}},"233":{"start":{"line":234,"column":0},"end":{"line":234,"column":38}},"234":{"start":{"line":235,"column":0},"end":{"line":235,"column":76}},"235":{"start":{"line":236,"column":0},"end":{"line":236,"column":15}},"236":{"start":{"line":237,"column":0},"end":{"line":237,"column":15}},"237":{"start":{"line":238,"column":0},"end":{"line":238,"column":5}},"238":{"start":{"line":239,"column":0},"end":{"line":239,"column":29}},"239":{"start":{"line":240,"column":0},"end":{"line":240,"column":23}},"240":{"start":{"line":241,"column":0},"end":{"line":241,"column":71}},"241":{"start":{"line":242,"column":0},"end":{"line":242,"column":5}},"242":{"start":{"line":243,"column":0},"end":{"line":243,"column":4}},"243":{"start":{"line":244,"column":0},"end":{"line":244,"column":1}},"245":{"start":{"line":246,"column":0},"end":{"line":246,"column":23}},"246":{"start":{"line":247,"column":0},"end":{"line":247,"column":17}},"247":{"start":{"line":248,"column":0},"end":{"line":248,"column":23}},"248":{"start":{"line":249,"column":0},"end":{"line":249,"column":20}},"249":{"start":{"line":250,"column":0},"end":{"line":250,"column":108}},"250":{"start":{"line":251,"column":0},"end":{"line":251,"column":40}},"251":{"start":{"line":252,"column":0},"end":{"line":252,"column":7}},"252":{"start":{"line":253,"column":0},"end":{"line":253,"column":44}},"253":{"start":{"line":254,"column":0},"end":{"line":254,"column":11}},"254":{"start":{"line":255,"column":0},"end":{"line":255,"column":12}},"255":{"start":{"line":256,"column":0},"end":{"line":256,"column":81}},"256":{"start":{"line":257,"column":0},"end":{"line":257,"column":26}},"257":{"start":{"line":258,"column":0},"end":{"line":258,"column":18}},"258":{"start":{"line":259,"column":0},"end":{"line":259,"column":25}},"259":{"start":{"line":260,"column":0},"end":{"line":260,"column":15}},"260":{"start":{"line":261,"column":0},"end":{"line":261,"column":27}},"261":{"start":{"line":262,"column":0},"end":{"line":262,"column":6}},"262":{"start":{"line":263,"column":0},"end":{"line":263,"column":3}},"264":{"start":{"line":265,"column":0},"end":{"line":265,"column":29}},"265":{"start":{"line":266,"column":0},"end":{"line":266,"column":112}},"266":{"start":{"line":267,"column":0},"end":{"line":267,"column":3}},"268":{"start":{"line":269,"column":0},"end":{"line":269,"column":40}},"269":{"start":{"line":270,"column":0},"end":{"line":270,"column":12}},"270":{"start":{"line":271,"column":0},"end":{"line":271,"column":16}},"271":{"start":{"line":272,"column":0},"end":{"line":272,"column":15}},"272":{"start":{"line":273,"column":0},"end":{"line":273,"column":19}},"273":{"start":{"line":274,"column":0},"end":{"line":274,"column":18}},"274":{"start":{"line":275,"column":0},"end":{"line":275,"column":119}},"275":{"start":{"line":276,"column":0},"end":{"line":276,"column":9}},"276":{"start":{"line":277,"column":0},"end":{"line":277,"column":26}},"277":{"start":{"line":278,"column":0},"end":{"line":278,"column":31}},"278":{"start":{"line":279,"column":0},"end":{"line":279,"column":25}},"279":{"start":{"line":280,"column":0},"end":{"line":280,"column":15}},"280":{"start":{"line":281,"column":0},"end":{"line":281,"column":27}},"281":{"start":{"line":282,"column":0},"end":{"line":282,"column":6}},"282":{"start":{"line":283,"column":0},"end":{"line":283,"column":3}},"284":{"start":{"line":285,"column":0},"end":{"line":285,"column":46}},"285":{"start":{"line":286,"column":0},"end":{"line":286,"column":77}},"287":{"start":{"line":288,"column":0},"end":{"line":288,"column":32}},"288":{"start":{"line":289,"column":0},"end":{"line":289,"column":76}},"289":{"start":{"line":290,"column":0},"end":{"line":290,"column":28}},"291":{"start":{"line":292,"column":0},"end":{"line":292,"column":39}},"293":{"start":{"line":294,"column":0},"end":{"line":294,"column":44}},"294":{"start":{"line":295,"column":0},"end":{"line":295,"column":63}},"295":{"start":{"line":296,"column":0},"end":{"line":296,"column":43}},"296":{"start":{"line":297,"column":0},"end":{"line":297,"column":3}},"298":{"start":{"line":299,"column":0},"end":{"line":299,"column":51}},"299":{"start":{"line":300,"column":0},"end":{"line":300,"column":44}},"300":{"start":{"line":301,"column":0},"end":{"line":301,"column":63}},"301":{"start":{"line":302,"column":0},"end":{"line":302,"column":9}},"303":{"start":{"line":304,"column":0},"end":{"line":304,"column":109}},"304":{"start":{"line":305,"column":0},"end":{"line":305,"column":1}},"310":{"start":{"line":311,"column":0},"end":{"line":311,"column":35}},"311":{"start":{"line":312,"column":0},"end":{"line":312,"column":17}},"312":{"start":{"line":313,"column":0},"end":{"line":313,"column":19}},"313":{"start":{"line":314,"column":0},"end":{"line":314,"column":23}},"314":{"start":{"line":315,"column":0},"end":{"line":315,"column":20}},"315":{"start":{"line":316,"column":0},"end":{"line":316,"column":30}},"316":{"start":{"line":317,"column":0},"end":{"line":317,"column":17}},"317":{"start":{"line":318,"column":0},"end":{"line":318,"column":41}},"318":{"start":{"line":319,"column":0},"end":{"line":319,"column":36}},"319":{"start":{"line":320,"column":0},"end":{"line":320,"column":44}},"321":{"start":{"line":322,"column":0},"end":{"line":322,"column":16}},"322":{"start":{"line":323,"column":0},"end":{"line":323,"column":84}},"323":{"start":{"line":324,"column":0},"end":{"line":324,"column":18}},"324":{"start":{"line":325,"column":0},"end":{"line":325,"column":3}},"327":{"start":{"line":328,"column":0},"end":{"line":328,"column":46}},"328":{"start":{"line":329,"column":0},"end":{"line":329,"column":38}},"329":{"start":{"line":330,"column":0},"end":{"line":330,"column":7}},"330":{"start":{"line":331,"column":0},"end":{"line":331,"column":87}},"331":{"start":{"line":332,"column":0},"end":{"line":332,"column":41}},"332":{"start":{"line":333,"column":0},"end":{"line":333,"column":11}},"333":{"start":{"line":334,"column":0},"end":{"line":334,"column":12}},"334":{"start":{"line":335,"column":0},"end":{"line":335,"column":81}},"335":{"start":{"line":336,"column":0},"end":{"line":336,"column":26}},"336":{"start":{"line":337,"column":0},"end":{"line":337,"column":18}},"337":{"start":{"line":338,"column":0},"end":{"line":338,"column":25}},"338":{"start":{"line":339,"column":0},"end":{"line":339,"column":15}},"339":{"start":{"line":340,"column":0},"end":{"line":340,"column":6}},"340":{"start":{"line":341,"column":0},"end":{"line":341,"column":3}},"341":{"start":{"line":342,"column":0},"end":{"line":342,"column":1}}},"s":{"0":1,"1":1,"2":1,"28":1,"35":1,"41":163,"42":163,"44":163,"45":163,"46":14,"48":163,"49":117,"50":8,"52":163,"53":6,"54":6,"55":4,"57":163,"58":14,"59":14,"60":14,"61":9,"62":9,"64":163,"65":5,"66":4,"68":163,"69":6,"70":6,"71":2,"73":163,"74":1,"75":163,"76":163,"82":168,"83":168,"84":168,"85":168,"86":168,"87":168,"88":168,"89":168,"91":168,"92":168,"94":168,"95":168,"96":168,"98":165,"100":168,"101":1,"102":1,"103":1,"104":164,"106":163,"107":168,"108":121,"109":121,"110":121,"112":168,"113":4,"114":4,"115":3,"116":1,"117":4,"118":2,"119":2,"120":2,"121":2,"122":2,"123":2,"124":2,"125":2,"126":2,"127":4,"128":168,"130":163,"131":163,"134":39,"135":39,"136":39,"137":39,"138":39,"139":39,"140":39,"141":43,"142":4,"143":4,"144":43,"145":43,"146":4,"147":4,"148":43,"149":39,"150":39,"156":59,"157":59,"158":59,"159":59,"160":59,"161":59,"162":59,"163":59,"164":59,"165":59,"166":59,"168":59,"170":59,"171":59,"172":59,"173":59,"174":59,"175":59,"177":59,"178":164,"181":164,"182":58,"183":62,"184":62,"186":58,"187":61,"188":1,"189":1,"190":61,"191":58,"192":58,"194":164,"195":164,"197":164,"201":164,"202":36,"203":36,"204":164,"206":59,"207":59,"208":59,"209":59,"211":59,"212":0,"213":0,"214":0,"215":0,"216":0,"217":0,"218":0,"219":59,"220":59,"221":59,"227":5,"228":5,"229":5,"230":5,"231":0,"232":5,"233":5,"234":5,"235":5,"236":5,"237":5,"238":5,"239":4,"240":4,"241":4,"242":5,"243":5,"245":5,"246":5,"247":5,"248":5,"249":5,"250":5,"251":5,"252":5,"253":5,"254":0,"255":0,"256":0,"257":0,"258":0,"259":0,"260":0,"261":0,"262":0,"264":5,"265":1,"266":1,"268":5,"269":0,"270":0,"271":0,"272":0,"273":0,"274":0,"275":0,"276":0,"277":0,"278":0,"279":0,"280":0,"281":0,"282":0,"284":4,"285":5,"287":4,"288":4,"289":4,"291":4,"293":4,"294":4,"295":4,"296":4,"298":4,"299":4,"300":3,"301":1,"303":5,"304":5,"310":64,"311":64,"312":64,"313":64,"314":64,"315":64,"316":64,"317":64,"318":60,"319":60,"321":64,"322":5,"323":5,"324":5,"327":59,"328":59,"329":59,"330":59,"331":59,"332":64,"333":0,"334":0,"335":0,"336":0,"337":0,"338":0,"339":0,"340":0,"341":64},"branchMap":{"0":{"type":"branch","line":42,"loc":{"start":{"line":42,"column":0},"end":{"line":77,"column":1}},"locations":[{"start":{"line":42,"column":0},"end":{"line":77,"column":1}}]},"1":{"type":"branch","line":46,"loc":{"start":{"line":46,"column":4},"end":{"line":47,"column":34}},"locations":[{"start":{"line":46,"column":4},"end":{"line":47,"column":34}}]},"2":{"type":"branch","line":49,"loc":{"start":{"line":49,"column":4},"end":{"line":51,"column":18}},"locations":[{"start":{"line":49,"column":4},"end":{"line":51,"column":18}}]},"3":{"type":"branch","line":50,"loc":{"start":{"line":50,"column":40},"end":{"line":50,"column":67}},"locations":[{"start":{"line":50,"column":40},"end":{"line":50,"column":67}}]},"4":{"type":"branch","line":50,"loc":{"start":{"line":50,"column":47},"end":{"line":51,"column":18}},"locations":[{"start":{"line":50,"column":47},"end":{"line":51,"column":18}}]},"5":{"type":"branch","line":53,"loc":{"start":{"line":53,"column":4},"end":{"line":56,"column":18}},"locations":[{"start":{"line":53,"column":4},"end":{"line":56,"column":18}}]},"6":{"type":"branch","line":55,"loc":{"start":{"line":55,"column":8},"end":{"line":55,"column":52}},"locations":[{"start":{"line":55,"column":8},"end":{"line":55,"column":52}}]},"7":{"type":"branch","line":55,"loc":{"start":{"line":55,"column":15},"end":{"line":56,"column":18}},"locations":[{"start":{"line":55,"column":15},"end":{"line":56,"column":18}}]},"8":{"type":"branch","line":58,"loc":{"start":{"line":58,"column":4},"end":{"line":63,"column":5}},"locations":[{"start":{"line":58,"column":4},"end":{"line":63,"column":5}}]},"9":{"type":"branch","line":61,"loc":{"start":{"line":61,"column":8},"end":{"line":61,"column":53}},"locations":[{"start":{"line":61,"column":8},"end":{"line":61,"column":53}}]},"10":{"type":"branch","line":61,"loc":{"start":{"line":61,"column":15},"end":{"line":63,"column":5}},"locations":[{"start":{"line":61,"column":15},"end":{"line":63,"column":5}}]},"11":{"type":"branch","line":65,"loc":{"start":{"line":65,"column":4},"end":{"line":67,"column":18}},"locations":[{"start":{"line":65,"column":4},"end":{"line":67,"column":18}}]},"12":{"type":"branch","line":66,"loc":{"start":{"line":66,"column":44},"end":{"line":66,"column":75}},"locations":[{"start":{"line":66,"column":44},"end":{"line":66,"column":75}}]},"13":{"type":"branch","line":66,"loc":{"start":{"line":66,"column":51},"end":{"line":67,"column":18}},"locations":[{"start":{"line":66,"column":51},"end":{"line":67,"column":18}}]},"14":{"type":"branch","line":69,"loc":{"start":{"line":69,"column":4},"end":{"line":72,"column":18}},"locations":[{"start":{"line":69,"column":4},"end":{"line":72,"column":18}}]},"15":{"type":"branch","line":71,"loc":{"start":{"line":71,"column":8},"end":{"line":71,"column":48}},"locations":[{"start":{"line":71,"column":8},"end":{"line":71,"column":48}}]},"16":{"type":"branch","line":71,"loc":{"start":{"line":71,"column":15},"end":{"line":72,"column":18}},"locations":[{"start":{"line":71,"column":15},"end":{"line":72,"column":18}}]},"17":{"type":"branch","line":74,"loc":{"start":{"line":74,"column":4},"end":{"line":75,"column":18}},"locations":[{"start":{"line":74,"column":4},"end":{"line":75,"column":18}}]},"18":{"type":"branch","line":83,"loc":{"start":{"line":83,"column":0},"end":{"line":132,"column":1}},"locations":[{"start":{"line":83,"column":0},"end":{"line":132,"column":1}}]},"19":{"type":"branch","line":90,"loc":{"start":{"line":90,"column":35},"end":{"line":90,"column":78}},"locations":[{"start":{"line":90,"column":35},"end":{"line":90,"column":78}}]},"20":{"type":"branch","line":90,"loc":{"start":{"line":90,"column":42},"end":{"line":92,"column":29}},"locations":[{"start":{"line":90,"column":42},"end":{"line":92,"column":29}}]},"21":{"type":"branch","line":93,"loc":{"start":{"line":93,"column":37},"end":{"line":93,"column":43}},"locations":[{"start":{"line":93,"column":37},"end":{"line":93,"column":43}}]},"22":{"type":"branch","line":96,"loc":{"start":{"line":96,"column":38},"end":{"line":96,"column":70}},"locations":[{"start":{"line":96,"column":38},"end":{"line":96,"column":70}}]},"23":{"type":"branch","line":96,"loc":{"start":{"line":96,"column":66},"end":{"line":96,"column":80}},"locations":[{"start":{"line":96,"column":66},"end":{"line":96,"column":80}}]},"24":{"type":"branch","line":97,"loc":{"start":{"line":97,"column":32},"end":{"line":97,"column":78}},"locations":[{"start":{"line":97,"column":32},"end":{"line":97,"column":78}}]},"25":{"type":"branch","line":97,"loc":{"start":{"line":97,"column":32},"end":{"line":101,"column":24}},"locations":[{"start":{"line":97,"column":32},"end":{"line":101,"column":24}}]},"26":{"type":"branch","line":101,"loc":{"start":{"line":101,"column":12},"end":{"line":101,"column":38}},"locations":[{"start":{"line":101,"column":12},"end":{"line":101,"column":38}}]},"27":{"type":"branch","line":101,"loc":{"start":{"line":101,"column":38},"end":{"line":104,"column":5}},"locations":[{"start":{"line":101,"column":38},"end":{"line":104,"column":5}}]},"28":{"type":"branch","line":104,"loc":{"start":{"line":104,"column":4},"end":{"line":105,"column":31}},"locations":[{"start":{"line":104,"column":4},"end":{"line":105,"column":31}}]},"29":{"type":"branch","line":105,"loc":{"start":{"line":105,"column":22},"end":{"line":105,"column":31}},"locations":[{"start":{"line":105,"column":22},"end":{"line":105,"column":31}}]},"30":{"type":"branch","line":105,"loc":{"start":{"line":105,"column":22},"end":{"line":108,"column":19}},"locations":[{"start":{"line":105,"column":22},"end":{"line":108,"column":19}}]},"31":{"type":"branch","line":108,"loc":{"start":{"line":108,"column":19},"end":{"line":111,"column":5}},"locations":[{"start":{"line":108,"column":19},"end":{"line":111,"column":5}}]},"32":{"type":"branch","line":111,"loc":{"start":{"line":111,"column":4},"end":{"line":113,"column":27}},"locations":[{"start":{"line":111,"column":4},"end":{"line":113,"column":27}}]},"33":{"type":"branch","line":113,"loc":{"start":{"line":113,"column":12},"end":{"line":113,"column":35}},"locations":[{"start":{"line":113,"column":12},"end":{"line":113,"column":35}}]},"34":{"type":"branch","line":113,"loc":{"start":{"line":113,"column":35},"end":{"line":128,"column":5}},"locations":[{"start":{"line":113,"column":35},"end":{"line":128,"column":5}}]},"35":{"type":"branch","line":115,"loc":{"start":{"line":115,"column":20},"end":{"line":116,"column":43}},"locations":[{"start":{"line":115,"column":20},"end":{"line":116,"column":43}}]},"36":{"type":"branch","line":116,"loc":{"start":{"line":116,"column":42},"end":{"line":117,"column":81}},"locations":[{"start":{"line":116,"column":42},"end":{"line":117,"column":81}}]},"37":{"type":"branch","line":118,"loc":{"start":{"line":118,"column":18},"end":{"line":127,"column":7}},"locations":[{"start":{"line":118,"column":18},"end":{"line":127,"column":7}}]},"38":{"type":"branch","line":120,"loc":{"start":{"line":120,"column":49},"end":{"line":120,"column":98}},"locations":[{"start":{"line":120,"column":49},"end":{"line":120,"column":98}}]},"39":{"type":"branch","line":120,"loc":{"start":{"line":120,"column":87},"end":{"line":120,"column":101}},"locations":[{"start":{"line":120,"column":87},"end":{"line":120,"column":101}}]},"40":{"type":"branch","line":129,"loc":{"start":{"line":129,"column":2},"end":{"line":132,"column":1}},"locations":[{"start":{"line":129,"column":2},"end":{"line":132,"column":1}}]},"41":{"type":"branch","line":117,"loc":{"start":{"line":117,"column":33},"end":{"line":117,"column":79}},"locations":[{"start":{"line":117,"column":33},"end":{"line":117,"column":79}}]},"42":{"type":"branch","line":135,"loc":{"start":{"line":135,"column":0},"end":{"line":151,"column":1}},"locations":[{"start":{"line":135,"column":0},"end":{"line":151,"column":1}}]},"43":{"type":"branch","line":141,"loc":{"start":{"line":141,"column":29},"end":{"line":149,"column":3}},"locations":[{"start":{"line":141,"column":29},"end":{"line":149,"column":3}}]},"44":{"type":"branch","line":142,"loc":{"start":{"line":142,"column":33},"end":{"line":142,"column":42}},"locations":[{"start":{"line":142,"column":33},"end":{"line":142,"column":42}}]},"45":{"type":"branch","line":142,"loc":{"start":{"line":142,"column":33},"end":{"line":144,"column":32}},"locations":[{"start":{"line":142,"column":33},"end":{"line":144,"column":32}}]},"46":{"type":"branch","line":144,"loc":{"start":{"line":144,"column":23},"end":{"line":144,"column":32}},"locations":[{"start":{"line":144,"column":23},"end":{"line":144,"column":32}}]},"47":{"type":"branch","line":144,"loc":{"start":{"line":144,"column":23},"end":{"line":145,"column":42}},"locations":[{"start":{"line":144,"column":23},"end":{"line":145,"column":42}}]},"48":{"type":"branch","line":145,"loc":{"start":{"line":145,"column":37},"end":{"line":145,"column":44}},"locations":[{"start":{"line":145,"column":37},"end":{"line":145,"column":44}}]},"49":{"type":"branch","line":146,"loc":{"start":{"line":146,"column":12},"end":{"line":146,"column":21}},"locations":[{"start":{"line":146,"column":12},"end":{"line":146,"column":21}}]},"50":{"type":"branch","line":146,"loc":{"start":{"line":146,"column":12},"end":{"line":148,"column":65}},"locations":[{"start":{"line":146,"column":12},"end":{"line":148,"column":65}}]},"51":{"type":"branch","line":157,"loc":{"start":{"line":157,"column":0},"end":{"line":222,"column":1}},"locations":[{"start":{"line":157,"column":0},"end":{"line":222,"column":1}}]},"52":{"type":"branch","line":163,"loc":{"start":{"line":163,"column":21},"end":{"line":221,"column":3}},"locations":[{"start":{"line":163,"column":21},"end":{"line":221,"column":3}}]},"53":{"type":"branch","line":174,"loc":{"start":{"line":174,"column":23},"end":{"line":174,"column":39}},"locations":[{"start":{"line":174,"column":23},"end":{"line":174,"column":39}}]},"54":{"type":"branch","line":175,"loc":{"start":{"line":175,"column":17},"end":{"line":175,"column":33}},"locations":[{"start":{"line":175,"column":17},"end":{"line":175,"column":33}}]},"55":{"type":"branch","line":178,"loc":{"start":{"line":178,"column":6},"end":{"line":205,"column":8}},"locations":[{"start":{"line":178,"column":6},"end":{"line":205,"column":8}}]},"56":{"type":"branch","line":182,"loc":{"start":{"line":182,"column":29},"end":{"line":193,"column":9}},"locations":[{"start":{"line":182,"column":29},"end":{"line":193,"column":9}}]},"57":{"type":"branch","line":183,"loc":{"start":{"line":183,"column":44},"end":{"line":185,"column":11}},"locations":[{"start":{"line":183,"column":44},"end":{"line":185,"column":11}}]},"58":{"type":"branch","line":187,"loc":{"start":{"line":187,"column":37},"end":{"line":191,"column":11}},"locations":[{"start":{"line":187,"column":37},"end":{"line":191,"column":11}}]},"59":{"type":"branch","line":188,"loc":{"start":{"line":188,"column":20},"end":{"line":188,"column":72}},"locations":[{"start":{"line":188,"column":20},"end":{"line":188,"column":72}}]},"60":{"type":"branch","line":188,"loc":{"start":{"line":188,"column":72},"end":{"line":190,"column":13}},"locations":[{"start":{"line":188,"column":72},"end":{"line":190,"column":13}}]},"61":{"type":"branch","line":202,"loc":{"start":{"line":202,"column":12},"end":{"line":202,"column":48}},"locations":[{"start":{"line":202,"column":12},"end":{"line":202,"column":48}}]},"62":{"type":"branch","line":202,"loc":{"start":{"line":202,"column":48},"end":{"line":204,"column":9}},"locations":[{"start":{"line":202,"column":48},"end":{"line":204,"column":9}}]},"63":{"type":"branch","line":207,"loc":{"start":{"line":207,"column":6},"end":{"line":210,"column":8}},"locations":[{"start":{"line":207,"column":6},"end":{"line":210,"column":8}}]},"64":{"type":"branch","line":209,"loc":{"start":{"line":209,"column":74},"end":{"line":209,"column":85}},"locations":[{"start":{"line":209,"column":74},"end":{"line":209,"column":85}}]},"65":{"type":"branch","line":209,"loc":{"start":{"line":209,"column":78},"end":{"line":209,"column":88}},"locations":[{"start":{"line":209,"column":78},"end":{"line":209,"column":88}}]},"66":{"type":"branch","line":228,"loc":{"start":{"line":228,"column":0},"end":{"line":244,"column":1}},"locations":[{"start":{"line":228,"column":0},"end":{"line":244,"column":1}}]},"67":{"type":"branch","line":231,"loc":{"start":{"line":231,"column":4},"end":{"line":231,"column":56}},"locations":[{"start":{"line":231,"column":4},"end":{"line":231,"column":56}}]},"68":{"type":"branch","line":231,"loc":{"start":{"line":231,"column":55},"end":{"line":232,"column":17}},"locations":[{"start":{"line":231,"column":55},"end":{"line":232,"column":17}}]},"69":{"type":"branch","line":239,"loc":{"start":{"line":239,"column":21},"end":{"line":242,"column":5}},"locations":[{"start":{"line":239,"column":21},"end":{"line":242,"column":5}}]},"70":{"type":"branch","line":241,"loc":{"start":{"line":241,"column":30},"end":{"line":241,"column":70}},"locations":[{"start":{"line":241,"column":30},"end":{"line":241,"column":70}}]},"71":{"type":"branch","line":246,"loc":{"start":{"line":246,"column":0},"end":{"line":305,"column":1}},"locations":[{"start":{"line":246,"column":0},"end":{"line":305,"column":1}}]},"72":{"type":"branch","line":254,"loc":{"start":{"line":254,"column":2},"end":{"line":263,"column":3}},"locations":[{"start":{"line":254,"column":2},"end":{"line":263,"column":3}}]},"73":{"type":"branch","line":265,"loc":{"start":{"line":265,"column":28},"end":{"line":267,"column":3}},"locations":[{"start":{"line":265,"column":28},"end":{"line":267,"column":3}}]},"74":{"type":"branch","line":267,"loc":{"start":{"line":267,"column":2},"end":{"line":269,"column":39}},"locations":[{"start":{"line":267,"column":2},"end":{"line":269,"column":39}}]},"75":{"type":"branch","line":269,"loc":{"start":{"line":269,"column":39},"end":{"line":283,"column":3}},"locations":[{"start":{"line":269,"column":39},"end":{"line":283,"column":3}}]},"76":{"type":"branch","line":283,"loc":{"start":{"line":283,"column":2},"end":{"line":286,"column":53}},"locations":[{"start":{"line":283,"column":2},"end":{"line":286,"column":53}}]},"77":{"type":"branch","line":286,"loc":{"start":{"line":286,"column":75},"end":{"line":300,"column":44}},"locations":[{"start":{"line":286,"column":75},"end":{"line":300,"column":44}}]},"78":{"type":"branch","line":296,"loc":{"start":{"line":296,"column":37},"end":{"line":296,"column":43}},"locations":[{"start":{"line":296,"column":37},"end":{"line":296,"column":43}}]},"79":{"type":"branch","line":300,"loc":{"start":{"line":300,"column":43},"end":{"line":301,"column":63}},"locations":[{"start":{"line":300,"column":43},"end":{"line":301,"column":63}}]},"80":{"type":"branch","line":301,"loc":{"start":{"line":301,"column":62},"end":{"line":302,"column":9}},"locations":[{"start":{"line":301,"column":62},"end":{"line":302,"column":9}}]},"81":{"type":"branch","line":289,"loc":{"start":{"line":289,"column":12},"end":{"line":289,"column":75}},"locations":[{"start":{"line":289,"column":12},"end":{"line":289,"column":75}}]},"82":{"type":"branch","line":290,"loc":{"start":{"line":290,"column":9},"end":{"line":290,"column":26}},"locations":[{"start":{"line":290,"column":9},"end":{"line":290,"column":26}}]},"83":{"type":"branch","line":301,"loc":{"start":{"line":301,"column":18},"end":{"line":301,"column":62}},"locations":[{"start":{"line":301,"column":18},"end":{"line":301,"column":62}}]},"84":{"type":"branch","line":311,"loc":{"start":{"line":311,"column":0},"end":{"line":342,"column":1}},"locations":[{"start":{"line":311,"column":0},"end":{"line":342,"column":1}}]},"85":{"type":"branch","line":318,"loc":{"start":{"line":318,"column":37},"end":{"line":319,"column":36}},"locations":[{"start":{"line":318,"column":37},"end":{"line":319,"column":36}}]},"86":{"type":"branch","line":319,"loc":{"start":{"line":319,"column":32},"end":{"line":320,"column":44}},"locations":[{"start":{"line":319,"column":32},"end":{"line":320,"column":44}}]},"87":{"type":"branch","line":322,"loc":{"start":{"line":322,"column":15},"end":{"line":325,"column":3}},"locations":[{"start":{"line":322,"column":15},"end":{"line":325,"column":3}}]},"88":{"type":"branch","line":325,"loc":{"start":{"line":325,"column":2},"end":{"line":333,"column":10}},"locations":[{"start":{"line":325,"column":2},"end":{"line":333,"column":10}}]},"89":{"type":"branch","line":333,"loc":{"start":{"line":333,"column":2},"end":{"line":341,"column":3}},"locations":[{"start":{"line":333,"column":2},"end":{"line":341,"column":3}}]}},"b":{"0":[163],"1":[14],"2":[117],"3":[109],"4":[8],"5":[6],"6":[2],"7":[4],"8":[14],"9":[5],"10":[9],"11":[5],"12":[1],"13":[4],"14":[6],"15":[4],"16":[2],"17":[1],"18":[168],"19":[5],"20":[163],"21":[0],"22":[165],"23":[3],"24":[3],"25":[165],"26":[164],"27":[1],"28":[164],"29":[1],"30":[163],"31":[121],"32":[42],"33":[4],"34":[4],"35":[3],"36":[1],"37":[2],"38":[1],"39":[1],"40":[163],"41":[1],"42":[39],"43":[43],"44":[39],"45":[4],"46":[0],"47":[4],"48":[0],"49":[0],"50":[4],"51":[59],"52":[59],"53":[124],"54":[169],"55":[164],"56":[58],"57":[62],"58":[61],"59":[59],"60":[1],"61":[159],"62":[36],"63":[59],"64":[36],"65":[23],"66":[5],"67":[0],"68":[0],"69":[4],"70":[5],"71":[5],"72":[0],"73":[1],"74":[4],"75":[0],"76":[4],"77":[4],"78":[0],"79":[3],"80":[1],"81":[5],"82":[1],"83":[3],"84":[64],"85":[60],"86":[60],"87":[5],"88":[59],"89":[0]},"fnMap":{"0":{"name":"checkValue","decl":{"start":{"line":42,"column":0},"end":{"line":77,"column":1}},"loc":{"start":{"line":42,"column":0},"end":{"line":77,"column":1}},"line":42},"1":{"name":"validateRow","decl":{"start":{"line":83,"column":0},"end":{"line":132,"column":1}},"loc":{"start":{"line":83,"column":0},"end":{"line":132,"column":1}},"line":83},"2":{"name":"normalizeDates","decl":{"start":{"line":135,"column":0},"end":{"line":151,"column":1}},"loc":{"start":{"line":135,"column":0},"end":{"line":151,"column":1}},"line":135},"3":{"name":"parseCsvStreaming","decl":{"start":{"line":157,"column":0},"end":{"line":222,"column":1}},"loc":{"start":{"line":157,"column":0},"end":{"line":222,"column":1}},"line":157},"4":{"name":"transformHeader","decl":{"start":{"line":174,"column":23},"end":{"line":174,"column":39}},"loc":{"start":{"line":174,"column":23},"end":{"line":174,"column":39}},"line":174},"5":{"name":"transform","decl":{"start":{"line":175,"column":17},"end":{"line":175,"column":33}},"loc":{"start":{"line":175,"column":17},"end":{"line":175,"column":33}},"line":175},"6":{"name":"step","decl":{"start":{"line":178,"column":6},"end":{"line":205,"column":8}},"loc":{"start":{"line":178,"column":6},"end":{"line":205,"column":8}},"line":178},"7":{"name":"complete","decl":{"start":{"line":207,"column":6},"end":{"line":210,"column":8}},"loc":{"start":{"line":207,"column":6},"end":{"line":210,"column":8}},"line":207},"8":{"name":"error","decl":{"start":{"line":212,"column":6},"end":{"line":219,"column":8}},"loc":{"start":{"line":212,"column":6},"end":{"line":219,"column":8}},"line":212},"9":{"name":"parseExcel","decl":{"start":{"line":228,"column":0},"end":{"line":244,"column":1}},"loc":{"start":{"line":228,"column":0},"end":{"line":244,"column":1}},"line":228},"10":{"name":"validateExcel","decl":{"start":{"line":246,"column":0},"end":{"line":305,"column":1}},"loc":{"start":{"line":246,"column":0},"end":{"line":305,"column":1}},"line":246},"11":{"name":"validateFile","decl":{"start":{"line":311,"column":0},"end":{"line":342,"column":1}},"loc":{"start":{"line":311,"column":0},"end":{"line":342,"column":1}},"line":311}},"f":{"0":163,"1":168,"2":39,"3":59,"4":124,"5":169,"6":164,"7":59,"8":0,"9":5,"10":5,"11":64}}
}
